DEBUG 2024-09-23 19:08:10.689 UTC: 	 CRAB Client version: v3.240621
DEBUG 2024-09-23 19:08:10.689 UTC: 	 Running on: Linux lxplus940.cern.ch 5.14.0-427.35.1.el9_4.x86_64 #1 SMP PREEMPT_DYNAMIC Fri Aug 30 15:47:10 EDT 2024 x86_64 x86_64 x86_64 GNU/Linux - Red Hat Enterprise Linux 9.4 (Plow)
DEBUG 2024-09-23 19:08:10.689 UTC: 	 Executing command: 'submit'
DEBUG 2024-09-23 19:08:10.725 UTC: 	 Found CRAB cache file /afs/cern.ch/user/j/joshin/.crab3
DEBUG 2024-09-23 19:08:10.826 UTC: 	 Will use CRAB plugin ANALYSIS (i.e. will run an analysis job type).
DEBUG 2024-09-23 19:08:10.856 UTC: 	 Checking credentials
DEBUG 2024-09-23 19:08:10.856 UTC: 	 Found proxy file /tmp/x509up_u141493
DEBUG 2024-09-23 19:08:10.856 UTC: 	 Making sure it has proper VOMS extension
DEBUG 2024-09-23 19:08:10.856 UTC: 	 Executing command :
 voms-proxy-info --vo --file /tmp/x509up_u141493
DEBUG 2024-09-23 19:08:11.824 UTC: 	 output : cms

 error: 
 retcode : 0
DEBUG 2024-09-23 19:08:11.824 UTC: 	 Getting proxy life time left
DEBUG 2024-09-23 19:08:11.824 UTC: 	 Executing command :
 voms-proxy-info --actimeleft --timeleft --file /tmp/x509up_u141493
DEBUG 2024-09-23 19:08:12.877 UTC: 	 output : 42537
42536

 error: 
 retcode : 0
DEBUG 2024-09-23 19:08:12.877 UTC: 	 Proxy valid for 11:48:56 hours
DEBUG 2024-09-23 19:08:12.888 UTC: 	 Encoded data for curl request: subresource=delegatedn
DEBUG 2024-09-23 19:08:13.039 UTC: 	 Registering user credentials on myproxy for /DC=ch/DC=cern/OU=computers/CN=crab-(preprod|prod)-tw(01|02).cern.ch|/DC=ch/DC=cern/OU=computers/CN=crab-dev-tw(01|02|03|04).cern.ch|/DC=ch/DC=cern/OU=Organic Units/OU=Users/CN=cmscrab/CN=(817881|373708)/CN=Robot: cms crab|/DC=ch/DC=cern/OU=Organic Units/OU=Users/CN=crabint1/CN=373708/CN=Robot: CMS CRAB Integration 1
DEBUG 2024-09-23 19:08:13.039 UTC: 	 Executing command :
 voms-proxy-info --identity --file /tmp/x509up_u141493
DEBUG 2024-09-23 19:08:14.020 UTC: 	 output : /DC=ch/DC=cern/OU=Organic Units/OU=Users/CN=joshin/CN=852809/CN=Jongwon Shin

 error: 
 retcode : 0
DEBUG 2024-09-23 19:08:14.020 UTC: 	 Getting myproxy life time left for 68229ae13e97b0dfc488515366c6ed3e6420d124
DEBUG 2024-09-23 19:08:14.020 UTC: 	 Executing command :
 myproxy-info -s myproxy.cern.ch -l 68229ae13e97b0dfc488515366c6ed3e6420d124
DEBUG 2024-09-23 19:08:14.414 UTC: 	 output : username: 68229ae13e97b0dfc488515366c6ed3e6420d124
owner: /DC=ch/DC=cern/OU=Organic Units/OU=Users/CN=joshin/CN=852809/CN=Jongwon Shin
  renewal policy: /DC=ch/DC=cern/OU=computers/CN=crab-(preprod|prod)-tw(01|02).cern.ch|/DC=ch/DC=cern/OU=computers/CN=crab-dev-tw(01|02|03|04).cern.ch|/DC=ch/DC=cern/OU=Organic Units/OU=Users/CN=cmscrab/CN=(817881|373708)/CN=Robot: cms crab|/DC=ch/DC=cern/OU=Organic Units/OU=Users/CN=crabint1/CN=373708/CN=Robot: CMS CRAB Integration 1
  trusted retrieval policy: /DC=ch/DC=cern/OU=computers/CN=crab-(preprod|prod)-tw(01|02).cern.ch|/DC=ch/DC=cern/OU=computers/CN=crab-dev-tw(01|02|03|04).cern.ch|/DC=ch/DC=cern/OU=Organic Units/OU=Users/CN=cmscrab/CN=(817881|373708)/CN=Robot: cms crab|/DC=ch/DC=cern/OU=Organic Units/OU=Users/CN=crabint1/CN=373708/CN=Robot: CMS CRAB Integration 1
  timeleft: 405:13:17  (16.9 days)

 error: 
 retcode : 0
DEBUG 2024-09-23 19:08:14.414 UTC: 	 Myproxy is valid: 1458780
DEBUG 2024-09-23 19:08:14.414 UTC: 	 Result of myproxy credential check:
  Credential exists on myproxy: username: 68229ae13e97b0dfc488515366c6ed3e6420d124  - validity: 16 days, 21:13:00
DEBUG 2024-09-23 19:08:14.414 UTC: 	 Command use: submit
DEBUG 2024-09-23 19:08:14.414 UTC: 	 Options use: ['--config', <WMCore.Configuration.Configuration object at 0x7f4ac92222e0>]
DEBUG 2024-09-23 19:08:14.414 UTC: 	 Encoded data for curl request: subresource=version
DEBUG 2024-09-23 19:08:14.529 UTC: 	 CRABClient version: v3.240621
DEBUG 2024-09-23 19:08:14.529 UTC: 	 Instance is prod
DEBUG 2024-09-23 19:08:14.529 UTC: 	 Server base url is cmsweb.cern.ch
DEBUG 2024-09-23 19:08:14.529 UTC: 	 Command api workflow
DEBUG 2024-09-23 19:08:14.529 UTC: 	 Started submission
DEBUG 2024-09-23 19:08:14.529 UTC: 	 Working on /afs/cern.ch/user/j/joshin/public/Workspace-RPC/240923-RPC_NanoAOD_TnP_Run3/Crab_NanoAOD-TnP/crab_submit/crab_SingleMuon_Run2022B-27Jun2023-v1_muRPCTnPFlatTableProducer_cfg
DEBUG 2024-09-23 19:08:14.530 UTC: 	 Encoded data for curl request: subresource=backendurls
DEBUG 2024-09-23 19:08:14.829 UTC: 	 Loading required information from the environment
DEBUG 2024-09-23 19:08:14.829 UTC: 	 Found CMSSW_14_1_0 for el9_amd64_gcc12 with base /afs/cern.ch/user/j/joshin/public/RPCEffTnP/CMSSW_14_1_0
DEBUG 2024-09-23 19:08:14.829 UTC: 	 Loading required information from the environment
DEBUG 2024-09-23 19:08:14.829 UTC: 	 Found CMSSW_14_1_0 for el9_amd64_gcc12 with base /afs/cern.ch/user/j/joshin/public/RPCEffTnP/CMSSW_14_1_0
DEBUG 2024-09-23 19:08:14.829 UTC: 	 UNIQUE NAME: tarUUID 62cce0d1-a6e6-4472-bd7d-2074426a4582 
DEBUG 2024-09-23 19:08:14.829 UTC: 	 self.config: from WMCore.Configuration import Configuration
config = Configuration()
config.section_('General')
config.General.transferOutputs = True
config.General.requestName = 'SingleMuon_Run2022B-27Jun2023-v1_muRPCTnPFlatTableProducer_cfg'
config.General.transferLogs = False
config.section_('JobType')
config.JobType.psetName = '/afs/cern.ch/user/j/joshin/public/RPCEffTnP/CMSSW_14_1_0/src/RPCDPGAnalysis/NanoAODTnP/test/muRPCTnPFlatTableProducer_cfg.py'
config.JobType.pluginName = 'Analysis'
config.section_('Data')
config.Data.outLFNDirBase = '/store/user/joshin/TnP-NanoAOD'
config.Data.splitting = 'FileBased'
config.Data.publication = False
config.Data.inputDataset = '/SingleMuon/Run2022B-27Jun2023-v1/AOD'
config.Data.unitsPerJob = 10
config.Data.outputDatasetTag = 'Run2022B-27Jun2023-v1_muRPCTnPFlatTableProducer_cfg'
config.Data.allowNonValidInputDataset = True
config.section_('Site')
config.Site.storageSite = 'T3_CH_CERNBOX'
config.section_('User')
config.section_('Debug')

DEBUG 2024-09-23 19:08:14.829 UTC: 	 self.config.JobType.psetName: /afs/cern.ch/user/j/joshin/public/RPCEffTnP/CMSSW_14_1_0/src/RPCDPGAnalysis/NanoAODTnP/test/muRPCTnPFlatTableProducer_cfg.py
INFO 2024-09-23 19:08:14.830 UTC: 	 Importing CMSSW configuration /afs/cern.ch/user/j/joshin/public/RPCEffTnP/CMSSW_14_1_0/src/RPCDPGAnalysis/NanoAODTnP/test/muRPCTnPFlatTableProducer_cfg.py
INFO 2024-09-23 19:08:17.008 UTC: 	 Finished importing CMSSW configuration /afs/cern.ch/user/j/joshin/public/RPCEffTnP/CMSSW_14_1_0/src/RPCDPGAnalysis/NanoAODTnP/test/muRPCTnPFlatTableProducer_cfg.py
DEBUG 2024-09-23 19:08:17.008 UTC: 	 Writing CMSSW configuration to /afs/cern.ch/user/j/joshin/public/Workspace-RPC/240923-RPC_NanoAOD_TnP_Run3/Crab_NanoAOD-TnP/crab_submit/crab_SingleMuon_Run2022B-27Jun2023-v1_muRPCTnPFlatTableProducer_cfg/inputs/PSet.py
DEBUG 2024-09-23 19:08:17.048 UTC: 	 The following EDM output files will be collected: ['output.root']
DEBUG 2024-09-23 19:08:17.048 UTC: 	 The following TFile output files will be collected: []
DEBUG 2024-09-23 19:08:17.048 UTC: 	 The following user output files (not listed as PoolOuputModule or TFileService in the CMSSW PSet) will be collected: 
DEBUG 2024-09-23 19:08:17.049 UTC: 	 Loading required information from the environment
DEBUG 2024-09-23 19:08:17.049 UTC: 	 Found CMSSW_14_1_0 for el9_amd64_gcc12 with base /afs/cern.ch/user/j/joshin/public/RPCEffTnP/CMSSW_14_1_0
DEBUG 2024-09-23 19:08:17.049 UTC: 	 Making tarball in /afs/cern.ch/user/j/joshin/public/Workspace-RPC/240923-RPC_NanoAOD_TnP_Run3/Crab_NanoAOD-TnP/crab_submit/crab_SingleMuon_Run2022B-27Jun2023-v1_muRPCTnPFlatTableProducer_cfg/inputs/62cce0d1-a6e6-4472-bd7d-2074426a4582default.tgz
DEBUG 2024-09-23 19:08:17.054 UTC: 	 Checking directory /afs/cern.ch/user/j/joshin/public/RPCEffTnP/CMSSW_14_1_0/bin
DEBUG 2024-09-23 19:08:17.054 UTC: 	 Adding directory /afs/cern.ch/user/j/joshin/public/RPCEffTnP/CMSSW_14_1_0/bin to tarball
DEBUG 2024-09-23 19:08:17.264 UTC: 	 Checking directory /afs/cern.ch/user/j/joshin/public/RPCEffTnP/CMSSW_14_1_0/python
DEBUG 2024-09-23 19:08:17.264 UTC: 	 Adding directory /afs/cern.ch/user/j/joshin/public/RPCEffTnP/CMSSW_14_1_0/python to tarball
DEBUG 2024-09-23 19:08:18.266 UTC: 	 Checking directory /afs/cern.ch/user/j/joshin/public/RPCEffTnP/CMSSW_14_1_0/cfipython
DEBUG 2024-09-23 19:08:18.267 UTC: 	 Adding directory /afs/cern.ch/user/j/joshin/public/RPCEffTnP/CMSSW_14_1_0/cfipython to tarball
DEBUG 2024-09-23 19:08:19.614 UTC: 	 Checking directory /afs/cern.ch/user/j/joshin/public/RPCEffTnP/CMSSW_14_1_0/lib
DEBUG 2024-09-23 19:08:19.615 UTC: 	 Adding directory /afs/cern.ch/user/j/joshin/public/RPCEffTnP/CMSSW_14_1_0/lib to tarball
DEBUG 2024-09-23 19:08:20.486 UTC: 	 Checking directory /afs/cern.ch/user/j/joshin/public/RPCEffTnP/CMSSW_14_1_0/biglib
DEBUG 2024-09-23 19:08:20.486 UTC: 	 Adding directory /afs/cern.ch/user/j/joshin/public/RPCEffTnP/CMSSW_14_1_0/biglib to tarball
DEBUG 2024-09-23 19:08:20.488 UTC: 	 Checking directory /afs/cern.ch/user/j/joshin/public/RPCEffTnP/CMSSW_14_1_0/module
DEBUG 2024-09-23 19:08:20.489 UTC: 	 Checking directory /afs/cern.ch/user/j/joshin/public/RPCEffTnP/CMSSW_14_1_0/config/SCRAM/hooks
DEBUG 2024-09-23 19:08:20.505 UTC: 	 Adding directory /afs/cern.ch/user/j/joshin/public/RPCEffTnP/CMSSW_14_1_0/config/SCRAM/hooks to tarball
DEBUG 2024-09-23 19:08:21.558 UTC: 	 Adding directory /afs/cern.ch/user/j/joshin/public/RPCEffTnP/CMSSW_14_1_0/src/DPGAnalysis/MuonTools/interface to tarball
DEBUG 2024-09-23 19:08:21.597 UTC: 	 Adding directory /afs/cern.ch/user/j/joshin/public/RPCEffTnP/CMSSW_14_1_0/src/DPGAnalysis/MuonTools/python to tarball
DEBUG 2024-09-23 19:08:22.144 UTC: 	 Adding directory /afs/cern.ch/user/j/joshin/public/RPCEffTnP/CMSSW_14_1_0/src/RPCDPGAnalysis/GeometryDumper/test/data to tarball
DEBUG 2024-09-23 19:08:23.421 UTC: 	 Adding directory /afs/cern.ch/user/j/joshin/public/RPCEffTnP/CMSSW_14_1_0/src/RPCDPGAnalysis/NanoAODTnP/data to tarball
DEBUG 2024-09-23 19:08:24.606 UTC: 	 Adding directory /afs/cern.ch/user/j/joshin/public/RPCEffTnP/CMSSW_14_1_0/src/RPCDPGAnalysis/NanoAODTnP/python to tarball
DEBUG 2024-09-23 19:08:25.448 UTC: 	 Adding directory /afs/cern.ch/user/j/joshin/public/RPCEffTnP/CMSSW_14_1_0/src/RPCDPGAnalysis/SegmentAndTrackOnRPC/data to tarball
DEBUG 2024-09-23 19:08:25.673 UTC: 	 Adding directory /afs/cern.ch/user/j/joshin/public/RPCEffTnP/CMSSW_14_1_0/src/RPCDPGAnalysis/SegmentAndTrackOnRPC/interface to tarball
DEBUG 2024-09-23 19:08:25.684 UTC: 	 Adding directory /afs/cern.ch/user/j/joshin/public/RPCEffTnP/CMSSW_14_1_0/src/RPCDPGAnalysis/SegmentAndTrackOnRPC/python to tarball
DEBUG 2024-09-23 19:08:26.270 UTC: 	 Uploading archive /afs/cern.ch/user/j/joshin/public/Workspace-RPC/240923-RPC_NanoAOD_TnP_Run3/Crab_NanoAOD-TnP/crab_submit/crab_SingleMuon_Run2022B-27Jun2023-v1_muRPCTnPFlatTableProducer_cfg/inputs/62cce0d1-a6e6-4472-bd7d-2074426a4582default.tgz (3.734375.1 MB) to the CRAB cache. Using URI https://cmsweb.cern.ch/S3/crabcache_prod
DEBUG 2024-09-23 19:08:27.736 UTC: 	 Encoded data for curl request: subresource=upload&objecttype=sandbox&tarballname=64dcb75b5d5271c4d96c7bad77f0189f5bf758d8617b43b74c7ba85fb73c9f1e.tar.gz
DEBUG 2024-09-23 19:08:27.953 UTC: 	 Will execute:
curl -f -v -X POST  -H "User-Agent: CRAB" -F "key=joshin/sandboxes/64dcb75b5d5271c4d96c7bad77f0189f5bf758d8617b43b74c7ba85fb73c9f1e.tar.gz" -F "AWSAccessKeyId=715203df6482458ba839e73e6dab634b" -F "policy=eyJleHBpcmF0aW9uIjogIjIwMjQtMDktMjNUMjA6MDg6MjdaIiwgImNvbmRpdGlvbnMiOiBbeyJidWNrZXQiOiAiY3JhYmNhY2hlX3Byb2QifSwgeyJrZXkiOiAiam9zaGluL3NhbmRib3hlcy82NGRjYjc1YjVkNTI3MWM0ZDk2YzdiYWQ3N2YwMTg5ZjViZjc1OGQ4NjE3YjQzYjc0YzdiYTg1ZmI3M2M5ZjFlLnRhci5neiJ9XX0=" -F "signature=UVyjUnbcBd4CmrNzywO4QKpozIo=" -F "file=@/afs/cern.ch/user/j/joshin/public/Workspace-RPC/240923-RPC_NanoAOD_TnP_Run3/Crab_NanoAOD-TnP/crab_submit/crab_SingleMuon_Run2022B-27Jun2023-v1_muRPCTnPFlatTableProducer_cfg/inputs/62cce0d1-a6e6-4472-bd7d-2074426a4582default.tgz" "https://s3.cern.ch/crabcache_prod"
DEBUG 2024-09-23 19:08:29.165 UTC: 	 exitcode: 0
stdout: b''
DEBUG 2024-09-23 19:08:29.166 UTC: 	 sandbox /afs/cern.ch/user/j/joshin/public/Workspace-RPC/240923-RPC_NanoAOD_TnP_Run3/Crab_NanoAOD-TnP/crab_submit/crab_SingleMuon_Run2022B-27Jun2023-v1_muRPCTnPFlatTableProducer_cfg/inputs/62cce0d1-a6e6-4472-bd7d-2074426a4582default.tgz successfully uploaded to S3
DEBUG 2024-09-23 19:08:29.166 UTC: 	 Loading required information from the environment
DEBUG 2024-09-23 19:08:29.166 UTC: 	 Found CMSSW_14_1_0 for el9_amd64_gcc12 with base /afs/cern.ch/user/j/joshin/public/RPCEffTnP/CMSSW_14_1_0
DEBUG 2024-09-23 19:08:29.166 UTC: 	 Making tarball in /afs/cern.ch/user/j/joshin/public/Workspace-RPC/240923-RPC_NanoAOD_TnP_Run3/Crab_NanoAOD-TnP/crab_submit/crab_SingleMuon_Run2022B-27Jun2023-v1_muRPCTnPFlatTableProducer_cfg/inputs/debugFiles.tgz
DEBUG 2024-09-23 19:08:29.172 UTC: 	 Uploading archive /afs/cern.ch/user/j/joshin/public/Workspace-RPC/240923-RPC_NanoAOD_TnP_Run3/Crab_NanoAOD-TnP/crab_submit/crab_SingleMuon_Run2022B-27Jun2023-v1_muRPCTnPFlatTableProducer_cfg/inputs/debugFiles.tgz (1 KB) to the CRAB cache. Using URI https://cmsweb.cern.ch/S3/crabcache_prod
DEBUG 2024-09-23 19:08:29.175 UTC: 	 Encoded data for curl request: subresource=upload&objecttype=sandbox&tarballname=e96afeefdd6060907bb056d61c2e6863ad148b558d114bed8cb28ebf8fe5a188.tar.gz
DEBUG 2024-09-23 19:08:29.343 UTC: 	 Will execute:
curl -f -v -X POST  -H "User-Agent: CRAB" -F "key=joshin/sandboxes/e96afeefdd6060907bb056d61c2e6863ad148b558d114bed8cb28ebf8fe5a188.tar.gz" -F "AWSAccessKeyId=715203df6482458ba839e73e6dab634b" -F "policy=eyJleHBpcmF0aW9uIjogIjIwMjQtMDktMjNUMjA6MDg6MjlaIiwgImNvbmRpdGlvbnMiOiBbeyJidWNrZXQiOiAiY3JhYmNhY2hlX3Byb2QifSwgeyJrZXkiOiAiam9zaGluL3NhbmRib3hlcy9lOTZhZmVlZmRkNjA2MDkwN2JiMDU2ZDYxYzJlNjg2M2FkMTQ4YjU1OGQxMTRiZWQ4Y2IyOGViZjhmZTVhMTg4LnRhci5neiJ9XX0=" -F "signature=ZVMDkNJJAjS5wr3/kD1+FU16N2w=" -F "file=@/afs/cern.ch/user/j/joshin/public/Workspace-RPC/240923-RPC_NanoAOD_TnP_Run3/Crab_NanoAOD-TnP/crab_submit/crab_SingleMuon_Run2022B-27Jun2023-v1_muRPCTnPFlatTableProducer_cfg/inputs/debugFiles.tgz" "https://s3.cern.ch/crabcache_prod"
DEBUG 2024-09-23 19:08:29.518 UTC: 	 exitcode: 0
stdout: b''
DEBUG 2024-09-23 19:08:29.518 UTC: 	 sandbox /afs/cern.ch/user/j/joshin/public/Workspace-RPC/240923-RPC_NanoAOD_TnP_Run3/Crab_NanoAOD-TnP/crab_submit/crab_SingleMuon_Run2022B-27Jun2023-v1_muRPCTnPFlatTableProducer_cfg/inputs/debugFiles.tgz successfully uploaded to S3
DEBUG 2024-09-23 19:08:29.519 UTC: 	 Result uploading input files: 64dcb75b5d5271c4d96c7bad77f0189f5bf758d8617b43b74c7ba85fb73c9f1e.tar.gz 
DEBUG 2024-09-23 19:08:29.519 UTC: 	 submit() - self.configuration from WMCore.Configuration import Configuration
config = Configuration()
config.section_('General')
config.General.transferOutputs = True
config.General.requestName = 'SingleMuon_Run2022B-27Jun2023-v1_muRPCTnPFlatTableProducer_cfg'
config.General.transferLogs = False
config.section_('JobType')
config.JobType.psetName = '/afs/cern.ch/user/j/joshin/public/RPCEffTnP/CMSSW_14_1_0/src/RPCDPGAnalysis/NanoAODTnP/test/muRPCTnPFlatTableProducer_cfg.py'
config.JobType.pluginName = 'Analysis'
config.section_('Data')
config.Data.outLFNDirBase = '/store/user/joshin/TnP-NanoAOD'
config.Data.splitting = 'FileBased'
config.Data.publication = False
config.Data.inputDataset = '/SingleMuon/Run2022B-27Jun2023-v1/AOD'
config.Data.unitsPerJob = 10
config.Data.outputDatasetTag = 'Run2022B-27Jun2023-v1_muRPCTnPFlatTableProducer_cfg'
config.Data.allowNonValidInputDataset = True
config.section_('Site')
config.Site.storageSite = 'T3_CH_CERNBOX'
config.section_('User')
config.section_('Debug')

DEBUG 2024-09-23 19:08:29.519 UTC: 	 submit() - self.configreq {'dryrun': 0, 'workflow': 'crab_SingleMuon_Run2022B-27Jun2023-v1_muRPCTnPFlatTableProducer_cfg', 'saveoutput': 1, 'savelogsflag': 0, 'inputdata': '/SingleMuon/Run2022B-27Jun2023-v1/AOD', 'nonvaliddata': 1, 'userfiles': [], 'dbsurl': 'https://cmsweb.cern.ch/dbs/prod/global/DBSReader', 'useparent': 0, 'ignorelocality': 0, 'splitalgo': 'FileBased', 'algoargs': 10, 'totalunits': 0, 'lfn': '/store/user/joshin/TnP-NanoAOD', 'publication': 0, 'publishdbsurl': 'https://cmsweb.cern.ch/dbs/prod/phys03/DBSWriter', 'publishname2': 'Run2022B-27Jun2023-v1_muRPCTnPFlatTableProducer_cfg', 'jobtype': 'Analysis', 'generator': 'pythia', 'addoutputfiles': [], 'maxjobruntime': 1250, 'numcores': 1, 'maxmemory': 2000, 'priority': 10, 'nonprodsw': 0, 'asyncdest': 'T3_CH_CERNBOX', 'requireaccelerator': 0, 'oneEventMode': 0, 'extrajdl': [], 'ignoreglobalblacklist': 0, 'partialdataset': 0, 'inputblocks': []}
DEBUG 2024-09-23 19:08:29.519 UTC: 	 submit() - jobconfig {'addoutputfiles': [], 'tfileoutfiles': [], 'edmoutfiles': ['output.root'], 'jobarch': 'el9_amd64_gcc12', 'jobsw': 'CMSSW_14_1_0', 'inputdata': '/SingleMuon/Run2022B-27Jun2023-v1/AOD', 'cacheurl': 'https://cmsweb.cern.ch/S3/crabcache_prod', 'cachefilename': '64dcb75b5d5271c4d96c7bad77f0189f5bf758d8617b43b74c7ba85fb73c9f1e.tar.gz', 'debugfilename': 'e96afeefdd6060907bb056d61c2e6863ad148b558d114bed8cb28ebf8fe5a188.tar.gz', 'jobtype': 'Analysis'}
INFO 2024-09-23 19:08:29.519 UTC: 	 Sending the request to the server at cmsweb.cern.ch
DEBUG 2024-09-23 19:08:29.519 UTC: 	 Submitting {'dryrun': 0, 'workflow': 'crab_SingleMuon_Run2022B-27Jun2023-v1_muRPCTnPFlatTableProducer_cfg', 'saveoutput': 1, 'savelogsflag': 0, 'inputdata': '/SingleMuon/Run2022B-27Jun2023-v1/AOD', 'nonvaliddata': 1, 'userfiles': [], 'dbsurl': 'https://cmsweb.cern.ch/dbs/prod/global/DBSReader', 'useparent': 0, 'ignorelocality': 0, 'splitalgo': 'FileBased', 'algoargs': 10, 'totalunits': 0, 'lfn': '/store/user/joshin/TnP-NanoAOD', 'publication': 0, 'publishdbsurl': 'https://cmsweb.cern.ch/dbs/prod/phys03/DBSWriter', 'publishname2': 'Run2022B-27Jun2023-v1_muRPCTnPFlatTableProducer_cfg', 'jobtype': 'Analysis', 'generator': 'pythia', 'addoutputfiles': [], 'maxjobruntime': 1250, 'numcores': 1, 'maxmemory': 2000, 'priority': 10, 'nonprodsw': 0, 'asyncdest': 'T3_CH_CERNBOX', 'requireaccelerator': 0, 'oneEventMode': 0, 'extrajdl': [], 'ignoreglobalblacklist': 0, 'partialdataset': 0, 'inputblocks': [], 'tfileoutfiles': [], 'edmoutfiles': ['output.root'], 'jobarch': 'el9_amd64_gcc12', 'jobsw': 'CMSSW_14_1_0', 'cacheurl': 'https://cmsweb.cern.ch/S3/crabcache_prod', 'cachefilename': '64dcb75b5d5271c4d96c7bad77f0189f5bf758d8617b43b74c7ba85fb73c9f1e.tar.gz', 'debugfilename': 'e96afeefdd6060907bb056d61c2e6863ad148b558d114bed8cb28ebf8fe5a188.tar.gz'} 
DEBUG 2024-09-23 19:08:29.520 UTC: 	 Encoded data for curl request: dryrun=0&workflow=crab_SingleMuon_Run2022B-27Jun2023-v1_muRPCTnPFlatTableProducer_cfg&saveoutput=1&savelogsflag=0&inputdata=%2FSingleMuon%2FRun2022B-27Jun2023-v1%2FAOD&nonvaliddata=1&dbsurl=https%3A%2F%2Fcmsweb.cern.ch%2Fdbs%2Fprod%2Fglobal%2FDBSReader&useparent=0&ignorelocality=0&splitalgo=FileBased&algoargs=10&totalunits=0&lfn=%2Fstore%2Fuser%2Fjoshin%2FTnP-NanoAOD&publication=0&publishdbsurl=https%3A%2F%2Fcmsweb.cern.ch%2Fdbs%2Fprod%2Fphys03%2FDBSWriter&publishname2=Run2022B-27Jun2023-v1_muRPCTnPFlatTableProducer_cfg&jobtype=Analysis&generator=pythia&maxjobruntime=1250&numcores=1&maxmemory=2000&priority=10&nonprodsw=0&asyncdest=T3_CH_CERNBOX&requireaccelerator=0&oneEventMode=0&ignoreglobalblacklist=0&partialdataset=0&jobarch=el9_amd64_gcc12&jobsw=CMSSW_14_1_0&cacheurl=https%3A%2F%2Fcmsweb.cern.ch%2FS3%2Fcrabcache_prod&cachefilename=64dcb75b5d5271c4d96c7bad77f0189f5bf758d8617b43b74c7ba85fb73c9f1e.tar.gz&debugfilename=e96afeefdd6060907bb056d61c2e6863ad148b558d114bed8cb28ebf8fe5a188.tar.gz&edmoutfiles=output.root
DEBUG 2024-09-23 19:08:29.960 UTC: 	 Result: {'result': [{'RequestName': '240923_190829:joshin_crab_SingleMuon_Run2022B-27Jun2023-v1_muRPCTnPFlatTableProducer_cfg'}]}
INFO 2024-09-23 19:08:29.968 UTC: 	 Success: Your task has been delivered to the prod CRAB3 server.
INFO 2024-09-23 19:08:29.969 UTC: 	 Task name: 240923_190829:joshin_crab_SingleMuon_Run2022B-27Jun2023-v1_muRPCTnPFlatTableProducer_cfg
INFO 2024-09-23 19:08:29.969 UTC: 	 Project dir: ./crab_SingleMuon_Run2022B-27Jun2023-v1_muRPCTnPFlatTableProducer_cfg
INFO 2024-09-23 19:08:29.969 UTC: 	 Please use ' crab status -d ./crab_SingleMuon_Run2022B-27Jun2023-v1_muRPCTnPFlatTableProducer_cfg ' to check how the submission process proceeds.
DEBUG 2024-09-23 19:08:29.969 UTC: 	 About to return
