DEBUG 2024-09-23 19:10:12.036 UTC: 	 CRAB Client version: v3.240621
DEBUG 2024-09-23 19:10:12.036 UTC: 	 Running on: Linux lxplus940.cern.ch 5.14.0-427.35.1.el9_4.x86_64 #1 SMP PREEMPT_DYNAMIC Fri Aug 30 15:47:10 EDT 2024 x86_64 x86_64 x86_64 GNU/Linux - Red Hat Enterprise Linux 9.4 (Plow)
DEBUG 2024-09-23 19:10:12.036 UTC: 	 Executing command: 'submit'
DEBUG 2024-09-23 19:10:12.037 UTC: 	 Found CRAB cache file /afs/cern.ch/user/j/joshin/.crab3
DEBUG 2024-09-23 19:10:12.038 UTC: 	 Will use CRAB plugin ANALYSIS (i.e. will run an analysis job type).
DEBUG 2024-09-23 19:10:12.115 UTC: 	 Checking credentials
DEBUG 2024-09-23 19:10:12.115 UTC: 	 Found proxy file /tmp/x509up_u141493
DEBUG 2024-09-23 19:10:12.115 UTC: 	 Making sure it has proper VOMS extension
DEBUG 2024-09-23 19:10:12.115 UTC: 	 Executing command :
 voms-proxy-info --vo --file /tmp/x509up_u141493
DEBUG 2024-09-23 19:10:13.116 UTC: 	 output : cms

 error: 
 retcode : 0
DEBUG 2024-09-23 19:10:13.116 UTC: 	 Getting proxy life time left
DEBUG 2024-09-23 19:10:13.116 UTC: 	 Executing command :
 voms-proxy-info --actimeleft --timeleft --file /tmp/x509up_u141493
DEBUG 2024-09-23 19:10:14.040 UTC: 	 output : 42415
42414

 error: 
 retcode : 0
DEBUG 2024-09-23 19:10:14.040 UTC: 	 Proxy valid for 11:46:54 hours
DEBUG 2024-09-23 19:10:14.040 UTC: 	 Encoded data for curl request: subresource=delegatedn
DEBUG 2024-09-23 19:10:14.182 UTC: 	 Registering user credentials on myproxy for /DC=ch/DC=cern/OU=computers/CN=crab-(preprod|prod)-tw(01|02).cern.ch|/DC=ch/DC=cern/OU=computers/CN=crab-dev-tw(01|02|03|04).cern.ch|/DC=ch/DC=cern/OU=Organic Units/OU=Users/CN=cmscrab/CN=(817881|373708)/CN=Robot: cms crab|/DC=ch/DC=cern/OU=Organic Units/OU=Users/CN=crabint1/CN=373708/CN=Robot: CMS CRAB Integration 1
DEBUG 2024-09-23 19:10:14.182 UTC: 	 Executing command :
 voms-proxy-info --identity --file /tmp/x509up_u141493
DEBUG 2024-09-23 19:10:15.060 UTC: 	 output : /DC=ch/DC=cern/OU=Organic Units/OU=Users/CN=joshin/CN=852809/CN=Jongwon Shin

 error: 
 retcode : 0
DEBUG 2024-09-23 19:10:15.060 UTC: 	 Getting myproxy life time left for 68229ae13e97b0dfc488515366c6ed3e6420d124
DEBUG 2024-09-23 19:10:15.060 UTC: 	 Executing command :
 myproxy-info -s myproxy.cern.ch -l 68229ae13e97b0dfc488515366c6ed3e6420d124
DEBUG 2024-09-23 19:10:15.550 UTC: 	 output : username: 68229ae13e97b0dfc488515366c6ed3e6420d124
owner: /DC=ch/DC=cern/OU=Organic Units/OU=Users/CN=joshin/CN=852809/CN=Jongwon Shin
  renewal policy: /DC=ch/DC=cern/OU=computers/CN=crab-(preprod|prod)-tw(01|02).cern.ch|/DC=ch/DC=cern/OU=computers/CN=crab-dev-tw(01|02|03|04).cern.ch|/DC=ch/DC=cern/OU=Organic Units/OU=Users/CN=cmscrab/CN=(817881|373708)/CN=Robot: cms crab|/DC=ch/DC=cern/OU=Organic Units/OU=Users/CN=crabint1/CN=373708/CN=Robot: CMS CRAB Integration 1
  trusted retrieval policy: /DC=ch/DC=cern/OU=computers/CN=crab-(preprod|prod)-tw(01|02).cern.ch|/DC=ch/DC=cern/OU=computers/CN=crab-dev-tw(01|02|03|04).cern.ch|/DC=ch/DC=cern/OU=Organic Units/OU=Users/CN=cmscrab/CN=(817881|373708)/CN=Robot: cms crab|/DC=ch/DC=cern/OU=Organic Units/OU=Users/CN=crabint1/CN=373708/CN=Robot: CMS CRAB Integration 1
  timeleft: 405:11:16  (16.9 days)

 error: 
 retcode : 0
DEBUG 2024-09-23 19:10:15.551 UTC: 	 Myproxy is valid: 1458660
DEBUG 2024-09-23 19:10:15.551 UTC: 	 Result of myproxy credential check:
  Credential exists on myproxy: username: 68229ae13e97b0dfc488515366c6ed3e6420d124  - validity: 16 days, 21:11:00
DEBUG 2024-09-23 19:10:15.551 UTC: 	 Command use: submit
DEBUG 2024-09-23 19:10:15.551 UTC: 	 Options use: ['--config', <WMCore.Configuration.Configuration object at 0x7f4ac92222e0>]
DEBUG 2024-09-23 19:10:15.551 UTC: 	 Encoded data for curl request: subresource=version
DEBUG 2024-09-23 19:10:15.695 UTC: 	 CRABClient version: v3.240621
DEBUG 2024-09-23 19:10:15.696 UTC: 	 Instance is prod
DEBUG 2024-09-23 19:10:15.696 UTC: 	 Server base url is cmsweb.cern.ch
DEBUG 2024-09-23 19:10:15.696 UTC: 	 Command api workflow
DEBUG 2024-09-23 19:10:15.696 UTC: 	 Started submission
DEBUG 2024-09-23 19:10:15.696 UTC: 	 Working on /afs/cern.ch/user/j/joshin/public/Workspace-RPC/240923-RPC_NanoAOD_TnP_Run3/Crab_NanoAOD-TnP/crab_submit/crab_Muon0_Run2024B-PromptReco-v1_muRPCTnPFlatTableProducer_cfg
DEBUG 2024-09-23 19:10:15.697 UTC: 	 Encoded data for curl request: subresource=backendurls
DEBUG 2024-09-23 19:10:15.819 UTC: 	 Loading required information from the environment
DEBUG 2024-09-23 19:10:15.819 UTC: 	 Found CMSSW_14_1_0 for el9_amd64_gcc12 with base /afs/cern.ch/user/j/joshin/public/RPCEffTnP/CMSSW_14_1_0
DEBUG 2024-09-23 19:10:15.819 UTC: 	 Loading required information from the environment
DEBUG 2024-09-23 19:10:15.819 UTC: 	 Found CMSSW_14_1_0 for el9_amd64_gcc12 with base /afs/cern.ch/user/j/joshin/public/RPCEffTnP/CMSSW_14_1_0
DEBUG 2024-09-23 19:10:15.820 UTC: 	 UNIQUE NAME: tarUUID 48cf47b6-5d30-4f13-8cc2-2e5028673ef0 
DEBUG 2024-09-23 19:10:15.820 UTC: 	 self.config: from WMCore.Configuration import Configuration
config = Configuration()
config.section_('General')
config.General.transferOutputs = True
config.General.requestName = 'Muon0_Run2024B-PromptReco-v1_muRPCTnPFlatTableProducer_cfg'
config.General.transferLogs = False
config.section_('JobType')
config.JobType.psetName = '/afs/cern.ch/user/j/joshin/public/RPCEffTnP/CMSSW_14_1_0/src/RPCDPGAnalysis/NanoAODTnP/test/muRPCTnPFlatTableProducer_cfg.py'
config.JobType.pluginName = 'Analysis'
config.section_('Data')
config.Data.outLFNDirBase = '/store/user/joshin/TnP-NanoAOD'
config.Data.splitting = 'FileBased'
config.Data.publication = False
config.Data.inputDataset = '/Muon0/Run2024B-PromptReco-v1/AOD'
config.Data.unitsPerJob = 10
config.Data.outputDatasetTag = 'Run2024B-PromptReco-v1_muRPCTnPFlatTableProducer_cfg'
config.Data.allowNonValidInputDataset = True
config.section_('Site')
config.Site.storageSite = 'T3_CH_CERNBOX'
config.section_('User')
config.section_('Debug')

DEBUG 2024-09-23 19:10:15.820 UTC: 	 self.config.JobType.psetName: /afs/cern.ch/user/j/joshin/public/RPCEffTnP/CMSSW_14_1_0/src/RPCDPGAnalysis/NanoAODTnP/test/muRPCTnPFlatTableProducer_cfg.py
INFO 2024-09-23 19:10:15.820 UTC: 	 Importing CMSSW configuration /afs/cern.ch/user/j/joshin/public/RPCEffTnP/CMSSW_14_1_0/src/RPCDPGAnalysis/NanoAODTnP/test/muRPCTnPFlatTableProducer_cfg.py
INFO 2024-09-23 19:10:15.821 UTC: 	 Finished importing CMSSW configuration /afs/cern.ch/user/j/joshin/public/RPCEffTnP/CMSSW_14_1_0/src/RPCDPGAnalysis/NanoAODTnP/test/muRPCTnPFlatTableProducer_cfg.py
DEBUG 2024-09-23 19:10:15.821 UTC: 	 Writing CMSSW configuration to /afs/cern.ch/user/j/joshin/public/Workspace-RPC/240923-RPC_NanoAOD_TnP_Run3/Crab_NanoAOD-TnP/crab_submit/crab_Muon0_Run2024B-PromptReco-v1_muRPCTnPFlatTableProducer_cfg/inputs/PSet.py
DEBUG 2024-09-23 19:10:15.875 UTC: 	 The following EDM output files will be collected: ['output.root']
DEBUG 2024-09-23 19:10:15.875 UTC: 	 The following TFile output files will be collected: []
DEBUG 2024-09-23 19:10:15.875 UTC: 	 The following user output files (not listed as PoolOuputModule or TFileService in the CMSSW PSet) will be collected: 
DEBUG 2024-09-23 19:10:15.875 UTC: 	 Loading required information from the environment
DEBUG 2024-09-23 19:10:15.875 UTC: 	 Found CMSSW_14_1_0 for el9_amd64_gcc12 with base /afs/cern.ch/user/j/joshin/public/RPCEffTnP/CMSSW_14_1_0
DEBUG 2024-09-23 19:10:15.875 UTC: 	 Making tarball in /afs/cern.ch/user/j/joshin/public/Workspace-RPC/240923-RPC_NanoAOD_TnP_Run3/Crab_NanoAOD-TnP/crab_submit/crab_Muon0_Run2024B-PromptReco-v1_muRPCTnPFlatTableProducer_cfg/inputs/48cf47b6-5d30-4f13-8cc2-2e5028673ef0default.tgz
DEBUG 2024-09-23 19:10:15.877 UTC: 	 Checking directory /afs/cern.ch/user/j/joshin/public/RPCEffTnP/CMSSW_14_1_0/bin
DEBUG 2024-09-23 19:10:15.877 UTC: 	 Adding directory /afs/cern.ch/user/j/joshin/public/RPCEffTnP/CMSSW_14_1_0/bin to tarball
DEBUG 2024-09-23 19:10:15.880 UTC: 	 Checking directory /afs/cern.ch/user/j/joshin/public/RPCEffTnP/CMSSW_14_1_0/python
DEBUG 2024-09-23 19:10:15.880 UTC: 	 Adding directory /afs/cern.ch/user/j/joshin/public/RPCEffTnP/CMSSW_14_1_0/python to tarball
DEBUG 2024-09-23 19:10:15.892 UTC: 	 Checking directory /afs/cern.ch/user/j/joshin/public/RPCEffTnP/CMSSW_14_1_0/cfipython
DEBUG 2024-09-23 19:10:15.892 UTC: 	 Adding directory /afs/cern.ch/user/j/joshin/public/RPCEffTnP/CMSSW_14_1_0/cfipython to tarball
DEBUG 2024-09-23 19:10:15.956 UTC: 	 Checking directory /afs/cern.ch/user/j/joshin/public/RPCEffTnP/CMSSW_14_1_0/lib
DEBUG 2024-09-23 19:10:15.956 UTC: 	 Adding directory /afs/cern.ch/user/j/joshin/public/RPCEffTnP/CMSSW_14_1_0/lib to tarball
DEBUG 2024-09-23 19:10:16.245 UTC: 	 Checking directory /afs/cern.ch/user/j/joshin/public/RPCEffTnP/CMSSW_14_1_0/biglib
DEBUG 2024-09-23 19:10:16.245 UTC: 	 Adding directory /afs/cern.ch/user/j/joshin/public/RPCEffTnP/CMSSW_14_1_0/biglib to tarball
DEBUG 2024-09-23 19:10:16.248 UTC: 	 Checking directory /afs/cern.ch/user/j/joshin/public/RPCEffTnP/CMSSW_14_1_0/module
DEBUG 2024-09-23 19:10:16.249 UTC: 	 Checking directory /afs/cern.ch/user/j/joshin/public/RPCEffTnP/CMSSW_14_1_0/config/SCRAM/hooks
DEBUG 2024-09-23 19:10:16.249 UTC: 	 Adding directory /afs/cern.ch/user/j/joshin/public/RPCEffTnP/CMSSW_14_1_0/config/SCRAM/hooks to tarball
DEBUG 2024-09-23 19:10:16.264 UTC: 	 Adding directory /afs/cern.ch/user/j/joshin/public/RPCEffTnP/CMSSW_14_1_0/src/DPGAnalysis/MuonTools/interface to tarball
DEBUG 2024-09-23 19:10:16.268 UTC: 	 Adding directory /afs/cern.ch/user/j/joshin/public/RPCEffTnP/CMSSW_14_1_0/src/DPGAnalysis/MuonTools/python to tarball
DEBUG 2024-09-23 19:10:16.282 UTC: 	 Adding directory /afs/cern.ch/user/j/joshin/public/RPCEffTnP/CMSSW_14_1_0/src/RPCDPGAnalysis/GeometryDumper/test/data to tarball
DEBUG 2024-09-23 19:10:17.079 UTC: 	 Adding directory /afs/cern.ch/user/j/joshin/public/RPCEffTnP/CMSSW_14_1_0/src/RPCDPGAnalysis/NanoAODTnP/data to tarball
DEBUG 2024-09-23 19:10:17.213 UTC: 	 Adding directory /afs/cern.ch/user/j/joshin/public/RPCEffTnP/CMSSW_14_1_0/src/RPCDPGAnalysis/NanoAODTnP/python to tarball
DEBUG 2024-09-23 19:10:17.217 UTC: 	 Adding directory /afs/cern.ch/user/j/joshin/public/RPCEffTnP/CMSSW_14_1_0/src/RPCDPGAnalysis/SegmentAndTrackOnRPC/data to tarball
DEBUG 2024-09-23 19:10:17.234 UTC: 	 Adding directory /afs/cern.ch/user/j/joshin/public/RPCEffTnP/CMSSW_14_1_0/src/RPCDPGAnalysis/SegmentAndTrackOnRPC/interface to tarball
DEBUG 2024-09-23 19:10:17.235 UTC: 	 Adding directory /afs/cern.ch/user/j/joshin/public/RPCEffTnP/CMSSW_14_1_0/src/RPCDPGAnalysis/SegmentAndTrackOnRPC/python to tarball
DEBUG 2024-09-23 19:10:17.646 UTC: 	 Uploading archive /afs/cern.ch/user/j/joshin/public/Workspace-RPC/240923-RPC_NanoAOD_TnP_Run3/Crab_NanoAOD-TnP/crab_submit/crab_Muon0_Run2024B-PromptReco-v1_muRPCTnPFlatTableProducer_cfg/inputs/48cf47b6-5d30-4f13-8cc2-2e5028673ef0default.tgz (3.734375.1 MB) to the CRAB cache. Using URI https://cmsweb.cern.ch/S3/crabcache_prod
DEBUG 2024-09-23 19:10:19.027 UTC: 	 Encoded data for curl request: subresource=upload&objecttype=sandbox&tarballname=64dcb75b5d5271c4d96c7bad77f0189f5bf758d8617b43b74c7ba85fb73c9f1e.tar.gz
DEBUG 2024-09-23 19:10:19.178 UTC: 	 sandbox 64dcb75b5d5271c4d96c7bad77f0189f5bf758d8617b43b74c7ba85fb73c9f1e.tar.gz is already in the S3 store, will not upload again
DEBUG 2024-09-23 19:10:19.178 UTC: 	 Loading required information from the environment
DEBUG 2024-09-23 19:10:19.179 UTC: 	 Found CMSSW_14_1_0 for el9_amd64_gcc12 with base /afs/cern.ch/user/j/joshin/public/RPCEffTnP/CMSSW_14_1_0
DEBUG 2024-09-23 19:10:19.179 UTC: 	 Making tarball in /afs/cern.ch/user/j/joshin/public/Workspace-RPC/240923-RPC_NanoAOD_TnP_Run3/Crab_NanoAOD-TnP/crab_submit/crab_Muon0_Run2024B-PromptReco-v1_muRPCTnPFlatTableProducer_cfg/inputs/debugFiles.tgz
DEBUG 2024-09-23 19:10:19.189 UTC: 	 Uploading archive /afs/cern.ch/user/j/joshin/public/Workspace-RPC/240923-RPC_NanoAOD_TnP_Run3/Crab_NanoAOD-TnP/crab_submit/crab_Muon0_Run2024B-PromptReco-v1_muRPCTnPFlatTableProducer_cfg/inputs/debugFiles.tgz (1 KB) to the CRAB cache. Using URI https://cmsweb.cern.ch/S3/crabcache_prod
DEBUG 2024-09-23 19:10:19.193 UTC: 	 Encoded data for curl request: subresource=upload&objecttype=sandbox&tarballname=a483cd8c6a461ff0e0c45571651d85c2ffc575eb3858418172d96659cb4d8376.tar.gz
DEBUG 2024-09-23 19:10:19.348 UTC: 	 Will execute:
curl -f -v -X POST  -H "User-Agent: CRAB" -F "key=joshin/sandboxes/a483cd8c6a461ff0e0c45571651d85c2ffc575eb3858418172d96659cb4d8376.tar.gz" -F "AWSAccessKeyId=715203df6482458ba839e73e6dab634b" -F "policy=eyJleHBpcmF0aW9uIjogIjIwMjQtMDktMjNUMjA6MTA6MTlaIiwgImNvbmRpdGlvbnMiOiBbeyJidWNrZXQiOiAiY3JhYmNhY2hlX3Byb2QifSwgeyJrZXkiOiAiam9zaGluL3NhbmRib3hlcy9hNDgzY2Q4YzZhNDYxZmYwZTBjNDU1NzE2NTFkODVjMmZmYzU3NWViMzg1ODQxODE3MmQ5NjY1OWNiNGQ4Mzc2LnRhci5neiJ9XX0=" -F "signature=b18zHEOQZbbUh960it9CM7vJSbo=" -F "file=@/afs/cern.ch/user/j/joshin/public/Workspace-RPC/240923-RPC_NanoAOD_TnP_Run3/Crab_NanoAOD-TnP/crab_submit/crab_Muon0_Run2024B-PromptReco-v1_muRPCTnPFlatTableProducer_cfg/inputs/debugFiles.tgz" "https://s3.cern.ch/crabcache_prod"
DEBUG 2024-09-23 19:10:19.497 UTC: 	 exitcode: 0
stdout: b''
DEBUG 2024-09-23 19:10:19.497 UTC: 	 sandbox /afs/cern.ch/user/j/joshin/public/Workspace-RPC/240923-RPC_NanoAOD_TnP_Run3/Crab_NanoAOD-TnP/crab_submit/crab_Muon0_Run2024B-PromptReco-v1_muRPCTnPFlatTableProducer_cfg/inputs/debugFiles.tgz successfully uploaded to S3
DEBUG 2024-09-23 19:10:19.498 UTC: 	 Result uploading input files: 64dcb75b5d5271c4d96c7bad77f0189f5bf758d8617b43b74c7ba85fb73c9f1e.tar.gz 
DEBUG 2024-09-23 19:10:19.498 UTC: 	 submit() - self.configuration from WMCore.Configuration import Configuration
config = Configuration()
config.section_('General')
config.General.transferOutputs = True
config.General.requestName = 'Muon0_Run2024B-PromptReco-v1_muRPCTnPFlatTableProducer_cfg'
config.General.transferLogs = False
config.section_('JobType')
config.JobType.psetName = '/afs/cern.ch/user/j/joshin/public/RPCEffTnP/CMSSW_14_1_0/src/RPCDPGAnalysis/NanoAODTnP/test/muRPCTnPFlatTableProducer_cfg.py'
config.JobType.pluginName = 'Analysis'
config.section_('Data')
config.Data.outLFNDirBase = '/store/user/joshin/TnP-NanoAOD'
config.Data.splitting = 'FileBased'
config.Data.publication = False
config.Data.inputDataset = '/Muon0/Run2024B-PromptReco-v1/AOD'
config.Data.unitsPerJob = 10
config.Data.outputDatasetTag = 'Run2024B-PromptReco-v1_muRPCTnPFlatTableProducer_cfg'
config.Data.allowNonValidInputDataset = True
config.section_('Site')
config.Site.storageSite = 'T3_CH_CERNBOX'
config.section_('User')
config.section_('Debug')

DEBUG 2024-09-23 19:10:19.498 UTC: 	 submit() - self.configreq {'dryrun': 0, 'workflow': 'crab_Muon0_Run2024B-PromptReco-v1_muRPCTnPFlatTableProducer_cfg', 'saveoutput': 1, 'savelogsflag': 0, 'inputdata': '/Muon0/Run2024B-PromptReco-v1/AOD', 'nonvaliddata': 1, 'userfiles': [], 'dbsurl': 'https://cmsweb.cern.ch/dbs/prod/global/DBSReader', 'useparent': 0, 'ignorelocality': 0, 'splitalgo': 'FileBased', 'algoargs': 10, 'totalunits': 0, 'lfn': '/store/user/joshin/TnP-NanoAOD', 'publication': 0, 'publishdbsurl': 'https://cmsweb.cern.ch/dbs/prod/phys03/DBSWriter', 'publishname2': 'Run2024B-PromptReco-v1_muRPCTnPFlatTableProducer_cfg', 'jobtype': 'Analysis', 'generator': 'pythia', 'addoutputfiles': [], 'maxjobruntime': 1250, 'numcores': 1, 'maxmemory': 2000, 'priority': 10, 'nonprodsw': 0, 'asyncdest': 'T3_CH_CERNBOX', 'requireaccelerator': 0, 'oneEventMode': 0, 'extrajdl': [], 'ignoreglobalblacklist': 0, 'partialdataset': 0, 'inputblocks': []}
DEBUG 2024-09-23 19:10:19.498 UTC: 	 submit() - jobconfig {'addoutputfiles': [], 'tfileoutfiles': [], 'edmoutfiles': ['output.root'], 'jobarch': 'el9_amd64_gcc12', 'jobsw': 'CMSSW_14_1_0', 'inputdata': '/Muon0/Run2024B-PromptReco-v1/AOD', 'cacheurl': 'https://cmsweb.cern.ch/S3/crabcache_prod', 'cachefilename': '64dcb75b5d5271c4d96c7bad77f0189f5bf758d8617b43b74c7ba85fb73c9f1e.tar.gz', 'debugfilename': 'a483cd8c6a461ff0e0c45571651d85c2ffc575eb3858418172d96659cb4d8376.tar.gz', 'jobtype': 'Analysis'}
INFO 2024-09-23 19:10:19.498 UTC: 	 Sending the request to the server at cmsweb.cern.ch
DEBUG 2024-09-23 19:10:19.498 UTC: 	 Submitting {'dryrun': 0, 'workflow': 'crab_Muon0_Run2024B-PromptReco-v1_muRPCTnPFlatTableProducer_cfg', 'saveoutput': 1, 'savelogsflag': 0, 'inputdata': '/Muon0/Run2024B-PromptReco-v1/AOD', 'nonvaliddata': 1, 'userfiles': [], 'dbsurl': 'https://cmsweb.cern.ch/dbs/prod/global/DBSReader', 'useparent': 0, 'ignorelocality': 0, 'splitalgo': 'FileBased', 'algoargs': 10, 'totalunits': 0, 'lfn': '/store/user/joshin/TnP-NanoAOD', 'publication': 0, 'publishdbsurl': 'https://cmsweb.cern.ch/dbs/prod/phys03/DBSWriter', 'publishname2': 'Run2024B-PromptReco-v1_muRPCTnPFlatTableProducer_cfg', 'jobtype': 'Analysis', 'generator': 'pythia', 'addoutputfiles': [], 'maxjobruntime': 1250, 'numcores': 1, 'maxmemory': 2000, 'priority': 10, 'nonprodsw': 0, 'asyncdest': 'T3_CH_CERNBOX', 'requireaccelerator': 0, 'oneEventMode': 0, 'extrajdl': [], 'ignoreglobalblacklist': 0, 'partialdataset': 0, 'inputblocks': [], 'tfileoutfiles': [], 'edmoutfiles': ['output.root'], 'jobarch': 'el9_amd64_gcc12', 'jobsw': 'CMSSW_14_1_0', 'cacheurl': 'https://cmsweb.cern.ch/S3/crabcache_prod', 'cachefilename': '64dcb75b5d5271c4d96c7bad77f0189f5bf758d8617b43b74c7ba85fb73c9f1e.tar.gz', 'debugfilename': 'a483cd8c6a461ff0e0c45571651d85c2ffc575eb3858418172d96659cb4d8376.tar.gz'} 
DEBUG 2024-09-23 19:10:19.499 UTC: 	 Encoded data for curl request: dryrun=0&workflow=crab_Muon0_Run2024B-PromptReco-v1_muRPCTnPFlatTableProducer_cfg&saveoutput=1&savelogsflag=0&inputdata=%2FMuon0%2FRun2024B-PromptReco-v1%2FAOD&nonvaliddata=1&dbsurl=https%3A%2F%2Fcmsweb.cern.ch%2Fdbs%2Fprod%2Fglobal%2FDBSReader&useparent=0&ignorelocality=0&splitalgo=FileBased&algoargs=10&totalunits=0&lfn=%2Fstore%2Fuser%2Fjoshin%2FTnP-NanoAOD&publication=0&publishdbsurl=https%3A%2F%2Fcmsweb.cern.ch%2Fdbs%2Fprod%2Fphys03%2FDBSWriter&publishname2=Run2024B-PromptReco-v1_muRPCTnPFlatTableProducer_cfg&jobtype=Analysis&generator=pythia&maxjobruntime=1250&numcores=1&maxmemory=2000&priority=10&nonprodsw=0&asyncdest=T3_CH_CERNBOX&requireaccelerator=0&oneEventMode=0&ignoreglobalblacklist=0&partialdataset=0&jobarch=el9_amd64_gcc12&jobsw=CMSSW_14_1_0&cacheurl=https%3A%2F%2Fcmsweb.cern.ch%2FS3%2Fcrabcache_prod&cachefilename=64dcb75b5d5271c4d96c7bad77f0189f5bf758d8617b43b74c7ba85fb73c9f1e.tar.gz&debugfilename=a483cd8c6a461ff0e0c45571651d85c2ffc575eb3858418172d96659cb4d8376.tar.gz&edmoutfiles=output.root
DEBUG 2024-09-23 19:10:19.691 UTC: 	 Result: {'result': [{'RequestName': '240923_191019:joshin_crab_Muon0_Run2024B-PromptReco-v1_muRPCTnPFlatTableProducer_cfg'}]}
INFO 2024-09-23 19:10:19.697 UTC: 	 Success: Your task has been delivered to the prod CRAB3 server.
INFO 2024-09-23 19:10:19.697 UTC: 	 Task name: 240923_191019:joshin_crab_Muon0_Run2024B-PromptReco-v1_muRPCTnPFlatTableProducer_cfg
INFO 2024-09-23 19:10:19.697 UTC: 	 Project dir: ./crab_Muon0_Run2024B-PromptReco-v1_muRPCTnPFlatTableProducer_cfg
INFO 2024-09-23 19:10:19.697 UTC: 	 Please use ' crab status -d ./crab_Muon0_Run2024B-PromptReco-v1_muRPCTnPFlatTableProducer_cfg ' to check how the submission process proceeds.
DEBUG 2024-09-23 19:10:19.698 UTC: 	 About to return
