DEBUG 2024-09-23 19:08:30.013 UTC: 	 CRAB Client version: v3.240621
DEBUG 2024-09-23 19:08:30.014 UTC: 	 Running on: Linux lxplus940.cern.ch 5.14.0-427.35.1.el9_4.x86_64 #1 SMP PREEMPT_DYNAMIC Fri Aug 30 15:47:10 EDT 2024 x86_64 x86_64 x86_64 GNU/Linux - Red Hat Enterprise Linux 9.4 (Plow)
DEBUG 2024-09-23 19:08:30.014 UTC: 	 Executing command: 'submit'
DEBUG 2024-09-23 19:08:30.017 UTC: 	 Found CRAB cache file /afs/cern.ch/user/j/joshin/.crab3
DEBUG 2024-09-23 19:08:30.018 UTC: 	 Will use CRAB plugin ANALYSIS (i.e. will run an analysis job type).
DEBUG 2024-09-23 19:08:30.047 UTC: 	 Checking credentials
DEBUG 2024-09-23 19:08:30.048 UTC: 	 Found proxy file /tmp/x509up_u141493
DEBUG 2024-09-23 19:08:30.048 UTC: 	 Making sure it has proper VOMS extension
DEBUG 2024-09-23 19:08:30.048 UTC: 	 Executing command :
 voms-proxy-info --vo --file /tmp/x509up_u141493
DEBUG 2024-09-23 19:08:30.981 UTC: 	 output : cms

 error: 
 retcode : 0
DEBUG 2024-09-23 19:08:30.982 UTC: 	 Getting proxy life time left
DEBUG 2024-09-23 19:08:30.982 UTC: 	 Executing command :
 voms-proxy-info --actimeleft --timeleft --file /tmp/x509up_u141493
DEBUG 2024-09-23 19:08:32.044 UTC: 	 output : 42517
42516

 error: 
 retcode : 0
DEBUG 2024-09-23 19:08:32.044 UTC: 	 Proxy valid for 11:48:36 hours
DEBUG 2024-09-23 19:08:32.045 UTC: 	 Encoded data for curl request: subresource=delegatedn
DEBUG 2024-09-23 19:08:32.156 UTC: 	 Registering user credentials on myproxy for /DC=ch/DC=cern/OU=computers/CN=crab-(preprod|prod)-tw(01|02).cern.ch|/DC=ch/DC=cern/OU=computers/CN=crab-dev-tw(01|02|03|04).cern.ch|/DC=ch/DC=cern/OU=Organic Units/OU=Users/CN=cmscrab/CN=(817881|373708)/CN=Robot: cms crab|/DC=ch/DC=cern/OU=Organic Units/OU=Users/CN=crabint1/CN=373708/CN=Robot: CMS CRAB Integration 1
DEBUG 2024-09-23 19:08:32.156 UTC: 	 Executing command :
 voms-proxy-info --identity --file /tmp/x509up_u141493
DEBUG 2024-09-23 19:08:33.265 UTC: 	 output : /DC=ch/DC=cern/OU=Organic Units/OU=Users/CN=joshin/CN=852809/CN=Jongwon Shin

 error: 
 retcode : 0
DEBUG 2024-09-23 19:08:33.266 UTC: 	 Getting myproxy life time left for 68229ae13e97b0dfc488515366c6ed3e6420d124
DEBUG 2024-09-23 19:08:33.266 UTC: 	 Executing command :
 myproxy-info -s myproxy.cern.ch -l 68229ae13e97b0dfc488515366c6ed3e6420d124
DEBUG 2024-09-23 19:08:33.706 UTC: 	 output : username: 68229ae13e97b0dfc488515366c6ed3e6420d124
owner: /DC=ch/DC=cern/OU=Organic Units/OU=Users/CN=joshin/CN=852809/CN=Jongwon Shin
  renewal policy: /DC=ch/DC=cern/OU=computers/CN=crab-(preprod|prod)-tw(01|02).cern.ch|/DC=ch/DC=cern/OU=computers/CN=crab-dev-tw(01|02|03|04).cern.ch|/DC=ch/DC=cern/OU=Organic Units/OU=Users/CN=cmscrab/CN=(817881|373708)/CN=Robot: cms crab|/DC=ch/DC=cern/OU=Organic Units/OU=Users/CN=crabint1/CN=373708/CN=Robot: CMS CRAB Integration 1
  trusted retrieval policy: /DC=ch/DC=cern/OU=computers/CN=crab-(preprod|prod)-tw(01|02).cern.ch|/DC=ch/DC=cern/OU=computers/CN=crab-dev-tw(01|02|03|04).cern.ch|/DC=ch/DC=cern/OU=Organic Units/OU=Users/CN=cmscrab/CN=(817881|373708)/CN=Robot: cms crab|/DC=ch/DC=cern/OU=Organic Units/OU=Users/CN=crabint1/CN=373708/CN=Robot: CMS CRAB Integration 1
  timeleft: 405:12:58  (16.9 days)

 error: 
 retcode : 0
DEBUG 2024-09-23 19:08:33.706 UTC: 	 Myproxy is valid: 1458720
DEBUG 2024-09-23 19:08:33.706 UTC: 	 Result of myproxy credential check:
  Credential exists on myproxy: username: 68229ae13e97b0dfc488515366c6ed3e6420d124  - validity: 16 days, 21:12:00
DEBUG 2024-09-23 19:08:33.706 UTC: 	 Command use: submit
DEBUG 2024-09-23 19:08:33.706 UTC: 	 Options use: ['--config', <WMCore.Configuration.Configuration object at 0x7f4ac92222e0>]
DEBUG 2024-09-23 19:08:33.706 UTC: 	 Encoded data for curl request: subresource=version
DEBUG 2024-09-23 19:08:33.835 UTC: 	 CRABClient version: v3.240621
DEBUG 2024-09-23 19:08:33.836 UTC: 	 Instance is prod
DEBUG 2024-09-23 19:08:33.836 UTC: 	 Server base url is cmsweb.cern.ch
DEBUG 2024-09-23 19:08:33.836 UTC: 	 Command api workflow
DEBUG 2024-09-23 19:08:33.836 UTC: 	 Started submission
DEBUG 2024-09-23 19:08:33.836 UTC: 	 Working on /afs/cern.ch/user/j/joshin/public/Workspace-RPC/240923-RPC_NanoAOD_TnP_Run3/Crab_NanoAOD-TnP/crab_submit/crab_SingleMuon_Run2022C-27Jun2023-v1_muRPCTnPFlatTableProducer_cfg
DEBUG 2024-09-23 19:08:33.836 UTC: 	 Encoded data for curl request: subresource=backendurls
DEBUG 2024-09-23 19:08:33.974 UTC: 	 Loading required information from the environment
DEBUG 2024-09-23 19:08:33.974 UTC: 	 Found CMSSW_14_1_0 for el9_amd64_gcc12 with base /afs/cern.ch/user/j/joshin/public/RPCEffTnP/CMSSW_14_1_0
DEBUG 2024-09-23 19:08:33.974 UTC: 	 Loading required information from the environment
DEBUG 2024-09-23 19:08:33.974 UTC: 	 Found CMSSW_14_1_0 for el9_amd64_gcc12 with base /afs/cern.ch/user/j/joshin/public/RPCEffTnP/CMSSW_14_1_0
DEBUG 2024-09-23 19:08:33.975 UTC: 	 UNIQUE NAME: tarUUID 97339ceb-5ce2-4770-808e-bcdcaaf90d87 
DEBUG 2024-09-23 19:08:33.975 UTC: 	 self.config: from WMCore.Configuration import Configuration
config = Configuration()
config.section_('General')
config.General.transferOutputs = True
config.General.requestName = 'SingleMuon_Run2022C-27Jun2023-v1_muRPCTnPFlatTableProducer_cfg'
config.General.transferLogs = False
config.section_('JobType')
config.JobType.psetName = '/afs/cern.ch/user/j/joshin/public/RPCEffTnP/CMSSW_14_1_0/src/RPCDPGAnalysis/NanoAODTnP/test/muRPCTnPFlatTableProducer_cfg.py'
config.JobType.pluginName = 'Analysis'
config.section_('Data')
config.Data.outLFNDirBase = '/store/user/joshin/TnP-NanoAOD'
config.Data.splitting = 'FileBased'
config.Data.publication = False
config.Data.inputDataset = '/SingleMuon/Run2022C-27Jun2023-v1/AOD'
config.Data.unitsPerJob = 10
config.Data.outputDatasetTag = 'Run2022C-27Jun2023-v1_muRPCTnPFlatTableProducer_cfg'
config.Data.allowNonValidInputDataset = True
config.section_('Site')
config.Site.storageSite = 'T3_CH_CERNBOX'
config.section_('User')
config.section_('Debug')

DEBUG 2024-09-23 19:08:33.975 UTC: 	 self.config.JobType.psetName: /afs/cern.ch/user/j/joshin/public/RPCEffTnP/CMSSW_14_1_0/src/RPCDPGAnalysis/NanoAODTnP/test/muRPCTnPFlatTableProducer_cfg.py
INFO 2024-09-23 19:08:33.975 UTC: 	 Importing CMSSW configuration /afs/cern.ch/user/j/joshin/public/RPCEffTnP/CMSSW_14_1_0/src/RPCDPGAnalysis/NanoAODTnP/test/muRPCTnPFlatTableProducer_cfg.py
INFO 2024-09-23 19:08:33.976 UTC: 	 Finished importing CMSSW configuration /afs/cern.ch/user/j/joshin/public/RPCEffTnP/CMSSW_14_1_0/src/RPCDPGAnalysis/NanoAODTnP/test/muRPCTnPFlatTableProducer_cfg.py
DEBUG 2024-09-23 19:08:33.976 UTC: 	 Writing CMSSW configuration to /afs/cern.ch/user/j/joshin/public/Workspace-RPC/240923-RPC_NanoAOD_TnP_Run3/Crab_NanoAOD-TnP/crab_submit/crab_SingleMuon_Run2022C-27Jun2023-v1_muRPCTnPFlatTableProducer_cfg/inputs/PSet.py
DEBUG 2024-09-23 19:08:34.033 UTC: 	 The following EDM output files will be collected: ['output.root']
DEBUG 2024-09-23 19:08:34.033 UTC: 	 The following TFile output files will be collected: []
DEBUG 2024-09-23 19:08:34.033 UTC: 	 The following user output files (not listed as PoolOuputModule or TFileService in the CMSSW PSet) will be collected: 
DEBUG 2024-09-23 19:08:34.033 UTC: 	 Loading required information from the environment
DEBUG 2024-09-23 19:08:34.033 UTC: 	 Found CMSSW_14_1_0 for el9_amd64_gcc12 with base /afs/cern.ch/user/j/joshin/public/RPCEffTnP/CMSSW_14_1_0
DEBUG 2024-09-23 19:08:34.034 UTC: 	 Making tarball in /afs/cern.ch/user/j/joshin/public/Workspace-RPC/240923-RPC_NanoAOD_TnP_Run3/Crab_NanoAOD-TnP/crab_submit/crab_SingleMuon_Run2022C-27Jun2023-v1_muRPCTnPFlatTableProducer_cfg/inputs/97339ceb-5ce2-4770-808e-bcdcaaf90d87default.tgz
DEBUG 2024-09-23 19:08:34.038 UTC: 	 Checking directory /afs/cern.ch/user/j/joshin/public/RPCEffTnP/CMSSW_14_1_0/bin
DEBUG 2024-09-23 19:08:34.038 UTC: 	 Adding directory /afs/cern.ch/user/j/joshin/public/RPCEffTnP/CMSSW_14_1_0/bin to tarball
DEBUG 2024-09-23 19:08:34.053 UTC: 	 Checking directory /afs/cern.ch/user/j/joshin/public/RPCEffTnP/CMSSW_14_1_0/python
DEBUG 2024-09-23 19:08:34.053 UTC: 	 Adding directory /afs/cern.ch/user/j/joshin/public/RPCEffTnP/CMSSW_14_1_0/python to tarball
DEBUG 2024-09-23 19:08:34.115 UTC: 	 Checking directory /afs/cern.ch/user/j/joshin/public/RPCEffTnP/CMSSW_14_1_0/cfipython
DEBUG 2024-09-23 19:08:34.115 UTC: 	 Adding directory /afs/cern.ch/user/j/joshin/public/RPCEffTnP/CMSSW_14_1_0/cfipython to tarball
DEBUG 2024-09-23 19:08:34.202 UTC: 	 Checking directory /afs/cern.ch/user/j/joshin/public/RPCEffTnP/CMSSW_14_1_0/lib
DEBUG 2024-09-23 19:08:34.202 UTC: 	 Adding directory /afs/cern.ch/user/j/joshin/public/RPCEffTnP/CMSSW_14_1_0/lib to tarball
DEBUG 2024-09-23 19:08:34.466 UTC: 	 Checking directory /afs/cern.ch/user/j/joshin/public/RPCEffTnP/CMSSW_14_1_0/biglib
DEBUG 2024-09-23 19:08:34.466 UTC: 	 Adding directory /afs/cern.ch/user/j/joshin/public/RPCEffTnP/CMSSW_14_1_0/biglib to tarball
DEBUG 2024-09-23 19:08:34.476 UTC: 	 Checking directory /afs/cern.ch/user/j/joshin/public/RPCEffTnP/CMSSW_14_1_0/module
DEBUG 2024-09-23 19:08:34.476 UTC: 	 Checking directory /afs/cern.ch/user/j/joshin/public/RPCEffTnP/CMSSW_14_1_0/config/SCRAM/hooks
DEBUG 2024-09-23 19:08:34.476 UTC: 	 Adding directory /afs/cern.ch/user/j/joshin/public/RPCEffTnP/CMSSW_14_1_0/config/SCRAM/hooks to tarball
DEBUG 2024-09-23 19:08:34.633 UTC: 	 Adding directory /afs/cern.ch/user/j/joshin/public/RPCEffTnP/CMSSW_14_1_0/src/DPGAnalysis/MuonTools/interface to tarball
DEBUG 2024-09-23 19:08:34.646 UTC: 	 Adding directory /afs/cern.ch/user/j/joshin/public/RPCEffTnP/CMSSW_14_1_0/src/DPGAnalysis/MuonTools/python to tarball
DEBUG 2024-09-23 19:08:34.713 UTC: 	 Adding directory /afs/cern.ch/user/j/joshin/public/RPCEffTnP/CMSSW_14_1_0/src/RPCDPGAnalysis/GeometryDumper/test/data to tarball
DEBUG 2024-09-23 19:08:35.556 UTC: 	 Adding directory /afs/cern.ch/user/j/joshin/public/RPCEffTnP/CMSSW_14_1_0/src/RPCDPGAnalysis/NanoAODTnP/data to tarball
DEBUG 2024-09-23 19:08:35.711 UTC: 	 Adding directory /afs/cern.ch/user/j/joshin/public/RPCEffTnP/CMSSW_14_1_0/src/RPCDPGAnalysis/NanoAODTnP/python to tarball
DEBUG 2024-09-23 19:08:35.719 UTC: 	 Adding directory /afs/cern.ch/user/j/joshin/public/RPCEffTnP/CMSSW_14_1_0/src/RPCDPGAnalysis/SegmentAndTrackOnRPC/data to tarball
DEBUG 2024-09-23 19:08:35.749 UTC: 	 Adding directory /afs/cern.ch/user/j/joshin/public/RPCEffTnP/CMSSW_14_1_0/src/RPCDPGAnalysis/SegmentAndTrackOnRPC/interface to tarball
DEBUG 2024-09-23 19:08:35.753 UTC: 	 Adding directory /afs/cern.ch/user/j/joshin/public/RPCEffTnP/CMSSW_14_1_0/src/RPCDPGAnalysis/SegmentAndTrackOnRPC/python to tarball
DEBUG 2024-09-23 19:08:36.221 UTC: 	 Uploading archive /afs/cern.ch/user/j/joshin/public/Workspace-RPC/240923-RPC_NanoAOD_TnP_Run3/Crab_NanoAOD-TnP/crab_submit/crab_SingleMuon_Run2022C-27Jun2023-v1_muRPCTnPFlatTableProducer_cfg/inputs/97339ceb-5ce2-4770-808e-bcdcaaf90d87default.tgz (3.734375.1 MB) to the CRAB cache. Using URI https://cmsweb.cern.ch/S3/crabcache_prod
DEBUG 2024-09-23 19:08:37.671 UTC: 	 Encoded data for curl request: subresource=upload&objecttype=sandbox&tarballname=64dcb75b5d5271c4d96c7bad77f0189f5bf758d8617b43b74c7ba85fb73c9f1e.tar.gz
DEBUG 2024-09-23 19:08:37.825 UTC: 	 sandbox 64dcb75b5d5271c4d96c7bad77f0189f5bf758d8617b43b74c7ba85fb73c9f1e.tar.gz is already in the S3 store, will not upload again
DEBUG 2024-09-23 19:08:37.825 UTC: 	 Loading required information from the environment
DEBUG 2024-09-23 19:08:37.825 UTC: 	 Found CMSSW_14_1_0 for el9_amd64_gcc12 with base /afs/cern.ch/user/j/joshin/public/RPCEffTnP/CMSSW_14_1_0
DEBUG 2024-09-23 19:08:37.825 UTC: 	 Making tarball in /afs/cern.ch/user/j/joshin/public/Workspace-RPC/240923-RPC_NanoAOD_TnP_Run3/Crab_NanoAOD-TnP/crab_submit/crab_SingleMuon_Run2022C-27Jun2023-v1_muRPCTnPFlatTableProducer_cfg/inputs/debugFiles.tgz
DEBUG 2024-09-23 19:08:37.831 UTC: 	 Uploading archive /afs/cern.ch/user/j/joshin/public/Workspace-RPC/240923-RPC_NanoAOD_TnP_Run3/Crab_NanoAOD-TnP/crab_submit/crab_SingleMuon_Run2022C-27Jun2023-v1_muRPCTnPFlatTableProducer_cfg/inputs/debugFiles.tgz (1 KB) to the CRAB cache. Using URI https://cmsweb.cern.ch/S3/crabcache_prod
DEBUG 2024-09-23 19:08:37.833 UTC: 	 Encoded data for curl request: subresource=upload&objecttype=sandbox&tarballname=a3b7a2fa448b6560dc218f054fc49dd3562b8de02a7be42b08cc280a20c517f2.tar.gz
DEBUG 2024-09-23 19:08:38.046 UTC: 	 Will execute:
curl -f -v -X POST  -H "User-Agent: CRAB" -F "key=joshin/sandboxes/a3b7a2fa448b6560dc218f054fc49dd3562b8de02a7be42b08cc280a20c517f2.tar.gz" -F "AWSAccessKeyId=715203df6482458ba839e73e6dab634b" -F "policy=eyJleHBpcmF0aW9uIjogIjIwMjQtMDktMjNUMjA6MDg6MzhaIiwgImNvbmRpdGlvbnMiOiBbeyJidWNrZXQiOiAiY3JhYmNhY2hlX3Byb2QifSwgeyJrZXkiOiAiam9zaGluL3NhbmRib3hlcy9hM2I3YTJmYTQ0OGI2NTYwZGMyMThmMDU0ZmM0OWRkMzU2MmI4ZGUwMmE3YmU0MmIwOGNjMjgwYTIwYzUxN2YyLnRhci5neiJ9XX0=" -F "signature=e0OEJKBsCySAQ23qCyDFsaR3f6U=" -F "file=@/afs/cern.ch/user/j/joshin/public/Workspace-RPC/240923-RPC_NanoAOD_TnP_Run3/Crab_NanoAOD-TnP/crab_submit/crab_SingleMuon_Run2022C-27Jun2023-v1_muRPCTnPFlatTableProducer_cfg/inputs/debugFiles.tgz" "https://s3.cern.ch/crabcache_prod"
DEBUG 2024-09-23 19:08:38.149 UTC: 	 exitcode: 0
stdout: b''
DEBUG 2024-09-23 19:08:38.149 UTC: 	 sandbox /afs/cern.ch/user/j/joshin/public/Workspace-RPC/240923-RPC_NanoAOD_TnP_Run3/Crab_NanoAOD-TnP/crab_submit/crab_SingleMuon_Run2022C-27Jun2023-v1_muRPCTnPFlatTableProducer_cfg/inputs/debugFiles.tgz successfully uploaded to S3
DEBUG 2024-09-23 19:08:38.149 UTC: 	 Result uploading input files: 64dcb75b5d5271c4d96c7bad77f0189f5bf758d8617b43b74c7ba85fb73c9f1e.tar.gz 
DEBUG 2024-09-23 19:08:38.150 UTC: 	 submit() - self.configuration from WMCore.Configuration import Configuration
config = Configuration()
config.section_('General')
config.General.transferOutputs = True
config.General.requestName = 'SingleMuon_Run2022C-27Jun2023-v1_muRPCTnPFlatTableProducer_cfg'
config.General.transferLogs = False
config.section_('JobType')
config.JobType.psetName = '/afs/cern.ch/user/j/joshin/public/RPCEffTnP/CMSSW_14_1_0/src/RPCDPGAnalysis/NanoAODTnP/test/muRPCTnPFlatTableProducer_cfg.py'
config.JobType.pluginName = 'Analysis'
config.section_('Data')
config.Data.outLFNDirBase = '/store/user/joshin/TnP-NanoAOD'
config.Data.splitting = 'FileBased'
config.Data.publication = False
config.Data.inputDataset = '/SingleMuon/Run2022C-27Jun2023-v1/AOD'
config.Data.unitsPerJob = 10
config.Data.outputDatasetTag = 'Run2022C-27Jun2023-v1_muRPCTnPFlatTableProducer_cfg'
config.Data.allowNonValidInputDataset = True
config.section_('Site')
config.Site.storageSite = 'T3_CH_CERNBOX'
config.section_('User')
config.section_('Debug')

DEBUG 2024-09-23 19:08:38.150 UTC: 	 submit() - self.configreq {'dryrun': 0, 'workflow': 'crab_SingleMuon_Run2022C-27Jun2023-v1_muRPCTnPFlatTableProducer_cfg', 'saveoutput': 1, 'savelogsflag': 0, 'inputdata': '/SingleMuon/Run2022C-27Jun2023-v1/AOD', 'nonvaliddata': 1, 'userfiles': [], 'dbsurl': 'https://cmsweb.cern.ch/dbs/prod/global/DBSReader', 'useparent': 0, 'ignorelocality': 0, 'splitalgo': 'FileBased', 'algoargs': 10, 'totalunits': 0, 'lfn': '/store/user/joshin/TnP-NanoAOD', 'publication': 0, 'publishdbsurl': 'https://cmsweb.cern.ch/dbs/prod/phys03/DBSWriter', 'publishname2': 'Run2022C-27Jun2023-v1_muRPCTnPFlatTableProducer_cfg', 'jobtype': 'Analysis', 'generator': 'pythia', 'addoutputfiles': [], 'maxjobruntime': 1250, 'numcores': 1, 'maxmemory': 2000, 'priority': 10, 'nonprodsw': 0, 'asyncdest': 'T3_CH_CERNBOX', 'requireaccelerator': 0, 'oneEventMode': 0, 'extrajdl': [], 'ignoreglobalblacklist': 0, 'partialdataset': 0, 'inputblocks': []}
DEBUG 2024-09-23 19:08:38.150 UTC: 	 submit() - jobconfig {'addoutputfiles': [], 'tfileoutfiles': [], 'edmoutfiles': ['output.root'], 'jobarch': 'el9_amd64_gcc12', 'jobsw': 'CMSSW_14_1_0', 'inputdata': '/SingleMuon/Run2022C-27Jun2023-v1/AOD', 'cacheurl': 'https://cmsweb.cern.ch/S3/crabcache_prod', 'cachefilename': '64dcb75b5d5271c4d96c7bad77f0189f5bf758d8617b43b74c7ba85fb73c9f1e.tar.gz', 'debugfilename': 'a3b7a2fa448b6560dc218f054fc49dd3562b8de02a7be42b08cc280a20c517f2.tar.gz', 'jobtype': 'Analysis'}
INFO 2024-09-23 19:08:38.150 UTC: 	 Sending the request to the server at cmsweb.cern.ch
DEBUG 2024-09-23 19:08:38.150 UTC: 	 Submitting {'dryrun': 0, 'workflow': 'crab_SingleMuon_Run2022C-27Jun2023-v1_muRPCTnPFlatTableProducer_cfg', 'saveoutput': 1, 'savelogsflag': 0, 'inputdata': '/SingleMuon/Run2022C-27Jun2023-v1/AOD', 'nonvaliddata': 1, 'userfiles': [], 'dbsurl': 'https://cmsweb.cern.ch/dbs/prod/global/DBSReader', 'useparent': 0, 'ignorelocality': 0, 'splitalgo': 'FileBased', 'algoargs': 10, 'totalunits': 0, 'lfn': '/store/user/joshin/TnP-NanoAOD', 'publication': 0, 'publishdbsurl': 'https://cmsweb.cern.ch/dbs/prod/phys03/DBSWriter', 'publishname2': 'Run2022C-27Jun2023-v1_muRPCTnPFlatTableProducer_cfg', 'jobtype': 'Analysis', 'generator': 'pythia', 'addoutputfiles': [], 'maxjobruntime': 1250, 'numcores': 1, 'maxmemory': 2000, 'priority': 10, 'nonprodsw': 0, 'asyncdest': 'T3_CH_CERNBOX', 'requireaccelerator': 0, 'oneEventMode': 0, 'extrajdl': [], 'ignoreglobalblacklist': 0, 'partialdataset': 0, 'inputblocks': [], 'tfileoutfiles': [], 'edmoutfiles': ['output.root'], 'jobarch': 'el9_amd64_gcc12', 'jobsw': 'CMSSW_14_1_0', 'cacheurl': 'https://cmsweb.cern.ch/S3/crabcache_prod', 'cachefilename': '64dcb75b5d5271c4d96c7bad77f0189f5bf758d8617b43b74c7ba85fb73c9f1e.tar.gz', 'debugfilename': 'a3b7a2fa448b6560dc218f054fc49dd3562b8de02a7be42b08cc280a20c517f2.tar.gz'} 
DEBUG 2024-09-23 19:08:38.150 UTC: 	 Encoded data for curl request: dryrun=0&workflow=crab_SingleMuon_Run2022C-27Jun2023-v1_muRPCTnPFlatTableProducer_cfg&saveoutput=1&savelogsflag=0&inputdata=%2FSingleMuon%2FRun2022C-27Jun2023-v1%2FAOD&nonvaliddata=1&dbsurl=https%3A%2F%2Fcmsweb.cern.ch%2Fdbs%2Fprod%2Fglobal%2FDBSReader&useparent=0&ignorelocality=0&splitalgo=FileBased&algoargs=10&totalunits=0&lfn=%2Fstore%2Fuser%2Fjoshin%2FTnP-NanoAOD&publication=0&publishdbsurl=https%3A%2F%2Fcmsweb.cern.ch%2Fdbs%2Fprod%2Fphys03%2FDBSWriter&publishname2=Run2022C-27Jun2023-v1_muRPCTnPFlatTableProducer_cfg&jobtype=Analysis&generator=pythia&maxjobruntime=1250&numcores=1&maxmemory=2000&priority=10&nonprodsw=0&asyncdest=T3_CH_CERNBOX&requireaccelerator=0&oneEventMode=0&ignoreglobalblacklist=0&partialdataset=0&jobarch=el9_amd64_gcc12&jobsw=CMSSW_14_1_0&cacheurl=https%3A%2F%2Fcmsweb.cern.ch%2FS3%2Fcrabcache_prod&cachefilename=64dcb75b5d5271c4d96c7bad77f0189f5bf758d8617b43b74c7ba85fb73c9f1e.tar.gz&debugfilename=a3b7a2fa448b6560dc218f054fc49dd3562b8de02a7be42b08cc280a20c517f2.tar.gz&edmoutfiles=output.root
DEBUG 2024-09-23 19:08:38.522 UTC: 	 Result: {'result': [{'RequestName': '240923_190838:joshin_crab_SingleMuon_Run2022C-27Jun2023-v1_muRPCTnPFlatTableProducer_cfg'}]}
INFO 2024-09-23 19:08:38.525 UTC: 	 Success: Your task has been delivered to the prod CRAB3 server.
INFO 2024-09-23 19:08:38.525 UTC: 	 Task name: 240923_190838:joshin_crab_SingleMuon_Run2022C-27Jun2023-v1_muRPCTnPFlatTableProducer_cfg
INFO 2024-09-23 19:08:38.525 UTC: 	 Project dir: ./crab_SingleMuon_Run2022C-27Jun2023-v1_muRPCTnPFlatTableProducer_cfg
INFO 2024-09-23 19:08:38.525 UTC: 	 Please use ' crab status -d ./crab_SingleMuon_Run2022C-27Jun2023-v1_muRPCTnPFlatTableProducer_cfg ' to check how the submission process proceeds.
DEBUG 2024-09-23 19:08:38.525 UTC: 	 About to return
