000 (15951787.014.000) 10/07 08:18:27 Job submitted from host: <188.185.72.155:9618?addrs=188.185.72.155-9618+[2001-1458-d00-8--100-95]-9618&alias=bigbird08.cern.ch&noUDP&sock=schedd_4988_ee7c>
...
040 (15951787.014.000) 10/07 08:21:34 Started transferring input files
	Transferring to host: <188.185.215.151:9618?addrs=188.185.215.151-9618+[2001-1458-303-26--100-13]-9618&alias=b9p18p7083.cern.ch&noUDP&sock=slot1_47_5899_2109_51973>
...
040 (15951787.014.000) 10/07 08:21:34 Finished transferring input files
...
001 (15951787.014.000) 10/07 08:21:35 Job executing on host: <188.185.215.151:9618?addrs=188.185.215.151-9618+[2001-1458-303-26--100-13]-9618&alias=b9p18p7083.cern.ch&noUDP&sock=startd_5041_4901>
	SlotName: slot1_47@b9p18p7083.cern.ch
	CondorScratchDir = "/pool/condor/dir_3852736"
	Cpus = 1
	Disk = 2996638
	Memory = 2000
...
006 (15951787.014.000) 10/07 08:21:44 Image size of job updated: 430524
	421  -  MemoryUsage of job (MB)
	430524  -  ResidentSetSize of job (KB)
...
006 (15951787.014.000) 10/07 08:21:49 Image size of job updated: 623532
	421  -  MemoryUsage of job (MB)
	430780  -  ResidentSetSize of job (KB)
...
040 (15951787.014.000) 10/07 08:21:49 Started transferring output files
...
040 (15951787.014.000) 10/07 08:21:49 Finished transferring output files
...
005 (15951787.014.000) 10/07 08:21:49 Job terminated.
	(1) Normal termination (return value 0)
		Usr 0 00:00:09, Sys 0 00:00:01  -  Run Remote Usage
		Usr 0 00:00:00, Sys 0 00:00:00  -  Run Local Usage
		Usr 0 00:00:09, Sys 0 00:00:01  -  Total Remote Usage
		Usr 0 00:00:00, Sys 0 00:00:00  -  Total Local Usage
	5884  -  Run Bytes Sent By Job
	778  -  Run Bytes Received By Job
	5884  -  Total Bytes Sent By Job
	778  -  Total Bytes Received By Job
	Partitionable Resources :    Usage  Request Allocated 
	   Cpus                 :        0        1         1 
	   Disk (KB)            :       28        1   2996638 
	   Memory (MB)          :      421     2000      2000 

	Job terminated of its own accord at 2024-10-07T06:21:49Z with exit-code 0.
...
