000 (15951787.002.000) 10/07 08:18:27 Job submitted from host: <188.185.72.155:9618?addrs=188.185.72.155-9618+[2001-1458-d00-8--100-95]-9618&alias=bigbird08.cern.ch&noUDP&sock=schedd_4988_ee7c>
...
040 (15951787.002.000) 10/07 08:21:29 Started transferring input files
	Transferring to host: <188.185.193.127:9618?addrs=188.185.193.127-9618+[2001-1458-303-20--100-7b]-9618&alias=b9p19p9867.cern.ch&noUDP&sock=slot1_31_1981029_e487_50205>
...
040 (15951787.002.000) 10/07 08:21:29 Finished transferring input files
...
001 (15951787.002.000) 10/07 08:21:30 Job executing on host: <188.185.193.127:9618?addrs=188.185.193.127-9618+[2001-1458-303-20--100-7b]-9618&alias=b9p19p9867.cern.ch&noUDP&sock=startd_127395_f3c4>
	SlotName: slot1_31@b9p19p9867.cern.ch
	CondorScratchDir = "/pool/condor/dir_3553900"
	Cpus = 1
	Disk = 2966507
	Memory = 2000
...
006 (15951787.002.000) 10/07 08:21:38 Image size of job updated: 1
	0  -  MemoryUsage of job (MB)
	0  -  ResidentSetSize of job (KB)
...
006 (15951787.002.000) 10/07 08:22:10 Image size of job updated: 604240
	5  -  MemoryUsage of job (MB)
	4328  -  ResidentSetSize of job (KB)
...
040 (15951787.002.000) 10/07 08:22:10 Started transferring output files
...
040 (15951787.002.000) 10/07 08:22:10 Finished transferring output files
...
005 (15951787.002.000) 10/07 08:22:10 Job terminated.
	(1) Normal termination (return value 0)
		Usr 0 00:00:11, Sys 0 00:00:01  -  Run Remote Usage
		Usr 0 00:00:00, Sys 0 00:00:00  -  Run Local Usage
		Usr 0 00:00:11, Sys 0 00:00:01  -  Total Remote Usage
		Usr 0 00:00:00, Sys 0 00:00:00  -  Total Local Usage
	5884  -  Run Bytes Sent By Job
	778  -  Run Bytes Received By Job
	5884  -  Total Bytes Sent By Job
	778  -  Total Bytes Received By Job
	Partitionable Resources :    Usage  Request Allocated 
	   Cpus                 :        0        1         1 
	   Disk (KB)            :       28        1   2966507 
	   Memory (MB)          :        5     2000      2000 

	Job terminated of its own accord at 2024-10-07T06:22:10Z with exit-code 0.
...
