000 (15951787.029.000) 10/07 08:18:27 Job submitted from host: <188.185.72.155:9618?addrs=188.185.72.155-9618+[2001-1458-d00-8--100-95]-9618&alias=bigbird08.cern.ch&noUDP&sock=schedd_4988_ee7c>
...
040 (15951787.029.000) 10/07 08:21:38 Started transferring input files
	Transferring to host: <188.185.193.44:9618?addrs=188.185.193.44-9618+[2001-1458-303-20--100-28]-9618&alias=b9p19p4622.cern.ch&noUDP&sock=slot1_5_6492_f381_10125>
...
040 (15951787.029.000) 10/07 08:21:38 Finished transferring input files
...
001 (15951787.029.000) 10/07 08:21:39 Job executing on host: <188.185.193.44:9618?addrs=188.185.193.44-9618+[2001-1458-303-20--100-28]-9618&alias=b9p19p4622.cern.ch&noUDP&sock=startd_5773_6055>
	SlotName: slot1_5@b9p19p4622.cern.ch
	CondorScratchDir = "/pool/condor/dir_522803"
	Cpus = 1
	Disk = 3082923
	Memory = 2000
...
006 (15951787.029.000) 10/07 08:21:47 Image size of job updated: 230864
	226  -  MemoryUsage of job (MB)
	230864  -  ResidentSetSize of job (KB)
...
006 (15951787.029.000) 10/07 08:21:55 Image size of job updated: 667096
	226  -  MemoryUsage of job (MB)
	231376  -  ResidentSetSize of job (KB)
...
040 (15951787.029.000) 10/07 08:21:55 Started transferring output files
...
040 (15951787.029.000) 10/07 08:21:55 Finished transferring output files
...
005 (15951787.029.000) 10/07 08:21:55 Job terminated.
	(1) Normal termination (return value 0)
		Usr 0 00:00:10, Sys 0 00:00:01  -  Run Remote Usage
		Usr 0 00:00:00, Sys 0 00:00:00  -  Run Local Usage
		Usr 0 00:00:10, Sys 0 00:00:01  -  Total Remote Usage
		Usr 0 00:00:00, Sys 0 00:00:00  -  Total Local Usage
	5884  -  Run Bytes Sent By Job
	778  -  Run Bytes Received By Job
	5884  -  Total Bytes Sent By Job
	778  -  Total Bytes Received By Job
	Partitionable Resources :    Usage  Request Allocated 
	   Cpus                 :        0        1         1 
	   Disk (KB)            :       28        1   3082923 
	   Memory (MB)          :      226     2000      2000 

	Job terminated of its own accord at 2024-10-07T06:21:55Z with exit-code 0.
...
