000 (15951787.007.000) 10/07 08:18:27 Job submitted from host: <188.185.72.155:9618?addrs=188.185.72.155-9618+[2001-1458-d00-8--100-95]-9618&alias=bigbird08.cern.ch&noUDP&sock=schedd_4988_ee7c>
...
040 (15951787.007.000) 10/07 08:21:32 Started transferring input files
	Transferring to host: <188.185.198.74:9618?addrs=188.185.198.74-9618+[2001-1458-303-25--100-46]-9618&alias=b9p15p6018.cern.ch&noUDP&sock=slot1_10_11973_cfc0_63458>
...
040 (15951787.007.000) 10/07 08:21:32 Finished transferring input files
...
001 (15951787.007.000) 10/07 08:21:33 Job executing on host: <188.185.198.74:9618?addrs=188.185.198.74-9618+[2001-1458-303-25--100-46]-9618&alias=b9p15p6018.cern.ch&noUDP&sock=startd_11922_142f>
	SlotName: slot1_10@b9p15p6018.cern.ch
	CondorScratchDir = "/pool/condor/dir_2732386"
	Cpus = 1
	Disk = 2953516
	Memory = 2000
...
006 (15951787.007.000) 10/07 08:21:41 Image size of job updated: 115952
	114  -  MemoryUsage of job (MB)
	115952  -  ResidentSetSize of job (KB)
...
006 (15951787.007.000) 10/07 08:21:51 Image size of job updated: 640336
	114  -  MemoryUsage of job (MB)
	115952  -  ResidentSetSize of job (KB)
...
040 (15951787.007.000) 10/07 08:21:51 Started transferring output files
...
040 (15951787.007.000) 10/07 08:21:52 Finished transferring output files
...
005 (15951787.007.000) 10/07 08:21:52 Job terminated.
	(1) Normal termination (return value 0)
		Usr 0 00:00:10, Sys 0 00:00:01  -  Run Remote Usage
		Usr 0 00:00:00, Sys 0 00:00:00  -  Run Local Usage
		Usr 0 00:00:10, Sys 0 00:00:01  -  Total Remote Usage
		Usr 0 00:00:00, Sys 0 00:00:00  -  Total Local Usage
	5884  -  Run Bytes Sent By Job
	778  -  Run Bytes Received By Job
	5884  -  Total Bytes Sent By Job
	778  -  Total Bytes Received By Job
	Partitionable Resources :    Usage  Request Allocated 
	   Cpus                 :        0        1         1 
	   Disk (KB)            :       28        1   2953516 
	   Memory (MB)          :      114     2000      2000 

	Job terminated of its own accord at 2024-10-07T06:21:51Z with exit-code 0.
...
