000 (15951787.016.000) 10/07 08:18:27 Job submitted from host: <188.185.72.155:9618?addrs=188.185.72.155-9618+[2001-1458-d00-8--100-95]-9618&alias=bigbird08.cern.ch&noUDP&sock=schedd_4988_ee7c>
...
040 (15951787.016.000) 10/07 08:21:35 Started transferring input files
	Transferring to host: <188.185.194.186:9618?addrs=188.185.194.186-9618+[2001-1458-303-21--100-b6]-9618&alias=b9p20p6936.cern.ch&noUDP&sock=slot1_21_8310_e58b_9109>
...
040 (15951787.016.000) 10/07 08:21:35 Finished transferring input files
...
001 (15951787.016.000) 10/07 08:21:36 Job executing on host: <188.185.194.186:9618?addrs=188.185.194.186-9618+[2001-1458-303-21--100-b6]-9618&alias=b9p20p6936.cern.ch&noUDP&sock=startd_7299_15da>
	SlotName: slot1_21@b9p20p6936.cern.ch
	CondorScratchDir = "/pool/condor/dir_3882127"
	Cpus = 1
	Disk = 3022362
	Memory = 2000
...
006 (15951787.016.000) 10/07 08:21:44 Image size of job updated: 405156
	396  -  MemoryUsage of job (MB)
	405156  -  ResidentSetSize of job (KB)
...
006 (15951787.016.000) 10/07 08:21:49 Image size of job updated: 660648
	397  -  MemoryUsage of job (MB)
	405668  -  ResidentSetSize of job (KB)
...
040 (15951787.016.000) 10/07 08:21:49 Started transferring output files
...
040 (15951787.016.000) 10/07 08:21:49 Finished transferring output files
...
005 (15951787.016.000) 10/07 08:21:49 Job terminated.
	(1) Normal termination (return value 0)
		Usr 0 00:00:09, Sys 0 00:00:01  -  Run Remote Usage
		Usr 0 00:00:00, Sys 0 00:00:00  -  Run Local Usage
		Usr 0 00:00:09, Sys 0 00:00:01  -  Total Remote Usage
		Usr 0 00:00:00, Sys 0 00:00:00  -  Total Local Usage
	5884  -  Run Bytes Sent By Job
	778  -  Run Bytes Received By Job
	5884  -  Total Bytes Sent By Job
	778  -  Total Bytes Received By Job
	Partitionable Resources :    Usage  Request Allocated 
	   Cpus                 :        0        1         1 
	   Disk (KB)            :       28        1   3022362 
	   Memory (MB)          :      397     2000      2000 

	Job terminated of its own accord at 2024-10-07T06:21:49Z with exit-code 0.
...
