000 (15951787.035.000) 10/07 08:18:27 Job submitted from host: <188.185.72.155:9618?addrs=188.185.72.155-9618+[2001-1458-d00-8--100-95]-9618&alias=bigbird08.cern.ch&noUDP&sock=schedd_4988_ee7c>
...
040 (15951787.035.000) 10/07 08:21:42 Started transferring input files
	Transferring to host: <188.185.192.44:9618?addrs=188.185.192.44-9618+[2001-1458-303-1f--100-28]-9618&alias=b9p13p9542.cern.ch&noUDP&sock=slot1_20_2209510_6d32_7620>
...
040 (15951787.035.000) 10/07 08:21:42 Finished transferring input files
...
001 (15951787.035.000) 10/07 08:21:43 Job executing on host: <188.185.192.44:9618?addrs=188.185.192.44-9618+[2001-1458-303-1f--100-28]-9618&alias=b9p13p9542.cern.ch&noUDP&sock=startd_128681_0a8f>
	SlotName: slot1_20@b9p13p9542.cern.ch
	CondorScratchDir = "/pool/condor/dir_1795320"
	Cpus = 1
	Disk = 2936112
	Memory = 2000
...
006 (15951787.035.000) 10/07 08:21:52 Image size of job updated: 338796
	331  -  MemoryUsage of job (MB)
	338796  -  ResidentSetSize of job (KB)
...
006 (15951787.035.000) 10/07 08:21:59 Image size of job updated: 674556
	332  -  MemoryUsage of job (MB)
	339052  -  ResidentSetSize of job (KB)
...
040 (15951787.035.000) 10/07 08:21:59 Started transferring output files
...
040 (15951787.035.000) 10/07 08:21:59 Finished transferring output files
...
005 (15951787.035.000) 10/07 08:21:59 Job terminated.
	(1) Normal termination (return value 0)
		Usr 0 00:00:10, Sys 0 00:00:02  -  Run Remote Usage
		Usr 0 00:00:00, Sys 0 00:00:00  -  Run Local Usage
		Usr 0 00:00:10, Sys 0 00:00:02  -  Total Remote Usage
		Usr 0 00:00:00, Sys 0 00:00:00  -  Total Local Usage
	5884  -  Run Bytes Sent By Job
	778  -  Run Bytes Received By Job
	5884  -  Total Bytes Sent By Job
	778  -  Total Bytes Received By Job
	Partitionable Resources :    Usage  Request Allocated 
	   Cpus                 :        0        1         1 
	   Disk (KB)            :       28        1   2936112 
	   Memory (MB)          :      332     2000      2000 

	Job terminated of its own accord at 2024-10-07T06:21:59Z with exit-code 0.
...
