000 (15951787.017.000) 10/07 08:18:27 Job submitted from host: <188.185.72.155:9618?addrs=188.185.72.155-9618+[2001-1458-d00-8--100-95]-9618&alias=bigbird08.cern.ch&noUDP&sock=schedd_4988_ee7c>
...
040 (15951787.017.000) 10/07 08:21:39 Started transferring input files
	Transferring to host: <188.185.194.107:9618?addrs=188.185.194.107-9618+[2001-1458-303-21--100-67]-9618&alias=b9p20p3190.cern.ch&noUDP&sock=slot1_11_2512717_2ffc_59232>
...
040 (15951787.017.000) 10/07 08:21:39 Finished transferring input files
...
001 (15951787.017.000) 10/07 08:21:40 Job executing on host: <188.185.194.107:9618?addrs=188.185.194.107-9618+[2001-1458-303-21--100-67]-9618&alias=b9p20p3190.cern.ch&noUDP&sock=startd_177827_1c05>
	SlotName: slot1_11@b9p20p3190.cern.ch
	CondorScratchDir = "/pool/condor/dir_2671429"
	Cpus = 1
	Disk = 2945668
	Memory = 2000
...
006 (15951787.017.000) 10/07 08:21:48 Image size of job updated: 316672
	310  -  MemoryUsage of job (MB)
	316672  -  ResidentSetSize of job (KB)
...
006 (15951787.017.000) 10/07 08:21:52 Image size of job updated: 681900
	310  -  MemoryUsage of job (MB)
	316928  -  ResidentSetSize of job (KB)
...
040 (15951787.017.000) 10/07 08:21:52 Started transferring output files
...
040 (15951787.017.000) 10/07 08:21:52 Finished transferring output files
...
005 (15951787.017.000) 10/07 08:21:52 Job terminated.
	(1) Normal termination (return value 0)
		Usr 0 00:00:08, Sys 0 00:00:01  -  Run Remote Usage
		Usr 0 00:00:00, Sys 0 00:00:00  -  Run Local Usage
		Usr 0 00:00:08, Sys 0 00:00:01  -  Total Remote Usage
		Usr 0 00:00:00, Sys 0 00:00:00  -  Total Local Usage
	5884  -  Run Bytes Sent By Job
	778  -  Run Bytes Received By Job
	5884  -  Total Bytes Sent By Job
	778  -  Total Bytes Received By Job
	Partitionable Resources :    Usage  Request Allocated 
	   Cpus                 :     0.09        1         1 
	   Disk (KB)            :    28           1   2945668 
	   Memory (MB)          :   310        2000      2000 

	Job terminated of its own accord at 2024-10-07T06:21:52Z with exit-code 0.
...
