000 (15951787.024.000) 10/07 08:18:27 Job submitted from host: <188.185.72.155:9618?addrs=188.185.72.155-9618+[2001-1458-d00-8--100-95]-9618&alias=bigbird08.cern.ch&noUDP&sock=schedd_4988_ee7c>
...
040 (15951787.024.000) 10/07 08:21:36 Started transferring input files
	Transferring to host: <128.142.248.74:9618?addrs=128.142.248.74-9618+[2001-1458-301-73--100-13a]-9618&alias=b9g23p3523.cern.ch&noUDP&sock=slot1_20_3066184_c206_46770>
...
040 (15951787.024.000) 10/07 08:21:36 Finished transferring input files
...
001 (15951787.024.000) 10/07 08:21:37 Job executing on host: <128.142.248.74:9618?addrs=128.142.248.74-9618+[2001-1458-301-73--100-13a]-9618&alias=b9g23p3523.cern.ch&noUDP&sock=startd_7830_4ea4>
	SlotName: slot1_20@b9g23p3523.cern.ch
	CondorScratchDir = "/pool/condor/dir_2809595"
	Cpus = 1
	Disk = 3080707
	Memory = 2000
...
006 (15951787.024.000) 10/07 08:21:45 Image size of job updated: 331132
	324  -  MemoryUsage of job (MB)
	331132  -  ResidentSetSize of job (KB)
...
006 (15951787.024.000) 10/07 08:21:51 Image size of job updated: 570752
	324  -  MemoryUsage of job (MB)
	331388  -  ResidentSetSize of job (KB)
...
040 (15951787.024.000) 10/07 08:21:51 Started transferring output files
...
040 (15951787.024.000) 10/07 08:21:51 Finished transferring output files
...
005 (15951787.024.000) 10/07 08:21:51 Job terminated.
	(1) Normal termination (return value 0)
		Usr 0 00:00:10, Sys 0 00:00:01  -  Run Remote Usage
		Usr 0 00:00:00, Sys 0 00:00:00  -  Run Local Usage
		Usr 0 00:00:10, Sys 0 00:00:01  -  Total Remote Usage
		Usr 0 00:00:00, Sys 0 00:00:00  -  Total Local Usage
	5884  -  Run Bytes Sent By Job
	778  -  Run Bytes Received By Job
	5884  -  Total Bytes Sent By Job
	778  -  Total Bytes Received By Job
	Partitionable Resources :    Usage  Request Allocated 
	   Cpus                 :        0        1         1 
	   Disk (KB)            :       28        1   3080707 
	   Memory (MB)          :      324     2000      2000 

	Job terminated of its own accord at 2024-10-07T06:21:51Z with exit-code 0.
...
