000 (15951787.010.000) 10/07 08:18:27 Job submitted from host: <188.185.72.155:9618?addrs=188.185.72.155-9618+[2001-1458-d00-8--100-95]-9618&alias=bigbird08.cern.ch&noUDP&sock=schedd_4988_ee7c>
...
040 (15951787.010.000) 10/07 08:21:32 Started transferring input files
	Transferring to host: <188.185.193.56:9618?addrs=188.185.193.56-9618+[2001-1458-303-20--100-34]-9618&alias=b9p19p7015.cern.ch&noUDP&sock=slot1_16_1597601_2e1f_5984>
...
040 (15951787.010.000) 10/07 08:21:32 Finished transferring input files
...
001 (15951787.010.000) 10/07 08:21:33 Job executing on host: <188.185.193.56:9618?addrs=188.185.193.56-9618+[2001-1458-303-20--100-34]-9618&alias=b9p19p7015.cern.ch&noUDP&sock=startd_128167_7ae1>
	SlotName: slot1_16@b9p19p7015.cern.ch
	CondorScratchDir = "/pool/condor/dir_2996423"
	Cpus = 1
	Disk = 3002393
	Memory = 2000
...
006 (15951787.010.000) 10/07 08:21:41 Image size of job updated: 214956
	210  -  MemoryUsage of job (MB)
	214956  -  ResidentSetSize of job (KB)
...
006 (15951787.010.000) 10/07 08:21:49 Image size of job updated: 611564
	211  -  MemoryUsage of job (MB)
	215212  -  ResidentSetSize of job (KB)
...
040 (15951787.010.000) 10/07 08:21:49 Started transferring output files
...
040 (15951787.010.000) 10/07 08:21:49 Finished transferring output files
...
005 (15951787.010.000) 10/07 08:21:49 Job terminated.
	(1) Normal termination (return value 0)
		Usr 0 00:00:11, Sys 0 00:00:02  -  Run Remote Usage
		Usr 0 00:00:00, Sys 0 00:00:00  -  Run Local Usage
		Usr 0 00:00:11, Sys 0 00:00:02  -  Total Remote Usage
		Usr 0 00:00:00, Sys 0 00:00:00  -  Total Local Usage
	5884  -  Run Bytes Sent By Job
	778  -  Run Bytes Received By Job
	5884  -  Total Bytes Sent By Job
	778  -  Total Bytes Received By Job
	Partitionable Resources :    Usage  Request Allocated 
	   Cpus                 :        0        1         1 
	   Disk (KB)            :       28        1   3002393 
	   Memory (MB)          :      211     2000      2000 

	Job terminated of its own accord at 2024-10-07T06:21:49Z with exit-code 0.
...
