000 (15951787.038.000) 10/07 08:18:27 Job submitted from host: <188.185.72.155:9618?addrs=188.185.72.155-9618+[2001-1458-d00-8--100-95]-9618&alias=bigbird08.cern.ch&noUDP&sock=schedd_4988_ee7c>
...
040 (15951787.038.000) 10/07 08:21:41 Started transferring input files
	Transferring to host: <188.185.196.97:9618?addrs=188.185.196.97-9618+[2001-1458-303-23--100-5d]-9618&alias=b9p16p8550.cern.ch&noUDP&sock=slot1_4_8375_b1ee_47251>
...
040 (15951787.038.000) 10/07 08:21:41 Finished transferring input files
...
001 (15951787.038.000) 10/07 08:21:43 Job executing on host: <188.185.196.97:9618?addrs=188.185.196.97-9618+[2001-1458-303-23--100-5d]-9618&alias=b9p16p8550.cern.ch&noUDP&sock=startd_7886_b7f2>
	SlotName: slot1_4@b9p16p8550.cern.ch
	CondorScratchDir = "/pool/condor/dir_75696"
	Cpus = 1
	Disk = 2863735
	Memory = 2000
...
006 (15951787.038.000) 10/07 08:21:51 Image size of job updated: 105920
	104  -  MemoryUsage of job (MB)
	105824  -  ResidentSetSize of job (KB)
...
006 (15951787.038.000) 10/07 08:22:02 Image size of job updated: 653160
	104  -  MemoryUsage of job (MB)
	105824  -  ResidentSetSize of job (KB)
...
040 (15951787.038.000) 10/07 08:22:02 Started transferring output files
...
040 (15951787.038.000) 10/07 08:22:02 Finished transferring output files
...
005 (15951787.038.000) 10/07 08:22:02 Job terminated.
	(1) Normal termination (return value 0)
		Usr 0 00:00:10, Sys 0 00:00:02  -  Run Remote Usage
		Usr 0 00:00:00, Sys 0 00:00:00  -  Run Local Usage
		Usr 0 00:00:10, Sys 0 00:00:02  -  Total Remote Usage
		Usr 0 00:00:00, Sys 0 00:00:00  -  Total Local Usage
	5884  -  Run Bytes Sent By Job
	778  -  Run Bytes Received By Job
	5884  -  Total Bytes Sent By Job
	778  -  Total Bytes Received By Job
	Partitionable Resources :    Usage  Request Allocated 
	   Cpus                 :        0        1         1 
	   Disk (KB)            :       28        1   2863735 
	   Memory (MB)          :      104     2000      2000 

	Job terminated of its own accord at 2024-10-07T06:22:02Z with exit-code 0.
...
