000 (15951787.003.000) 10/07 08:18:27 Job submitted from host: <188.185.72.155:9618?addrs=188.185.72.155-9618+[2001-1458-d00-8--100-95]-9618&alias=bigbird08.cern.ch&noUDP&sock=schedd_4988_ee7c>
...
040 (15951787.003.000) 10/07 08:21:29 Started transferring input files
	Transferring to host: <128.142.248.166:9618?addrs=128.142.248.166-9618+[2001-1458-301-73--100-a5]-9618&alias=b9g23p1354.cern.ch&noUDP&sock=slot1_10_5375_ec74_69719>
...
040 (15951787.003.000) 10/07 08:21:29 Finished transferring input files
...
001 (15951787.003.000) 10/07 08:21:30 Job executing on host: <128.142.248.166:9618?addrs=128.142.248.166-9618+[2001-1458-301-73--100-a5]-9618&alias=b9g23p1354.cern.ch&noUDP&sock=startd_4154_e080>
	SlotName: slot1_10@b9g23p1354.cern.ch
	CondorScratchDir = "/pool/condor/dir_3288227"
	Cpus = 1
	Disk = 2896871
	Memory = 2000
...
006 (15951787.003.000) 10/07 08:21:38 Image size of job updated: 65372
	64  -  MemoryUsage of job (MB)
	65180  -  ResidentSetSize of job (KB)
...
006 (15951787.003.000) 10/07 08:21:48 Image size of job updated: 563100
	64  -  MemoryUsage of job (MB)
	65180  -  ResidentSetSize of job (KB)
...
040 (15951787.003.000) 10/07 08:21:48 Started transferring output files
...
040 (15951787.003.000) 10/07 08:21:48 Finished transferring output files
...
005 (15951787.003.000) 10/07 08:21:48 Job terminated.
	(1) Normal termination (return value 0)
		Usr 0 00:00:12, Sys 0 00:00:02  -  Run Remote Usage
		Usr 0 00:00:00, Sys 0 00:00:00  -  Run Local Usage
		Usr 0 00:00:12, Sys 0 00:00:02  -  Total Remote Usage
		Usr 0 00:00:00, Sys 0 00:00:00  -  Total Local Usage
	5884  -  Run Bytes Sent By Job
	778  -  Run Bytes Received By Job
	5884  -  Total Bytes Sent By Job
	778  -  Total Bytes Received By Job
	Partitionable Resources :    Usage  Request Allocated 
	   Cpus                 :                 1         1 
	   Disk (KB)            :       21        1   2896871 
	   Memory (MB)          :       64     2000      2000 

	Job terminated of its own accord at 2024-10-07T06:21:48Z with exit-code 0.
...
