000 (15951787.028.000) 10/07 08:18:27 Job submitted from host: <188.185.72.155:9618?addrs=188.185.72.155-9618+[2001-1458-d00-8--100-95]-9618&alias=bigbird08.cern.ch&noUDP&sock=schedd_4988_ee7c>
...
040 (15951787.028.000) 10/07 08:21:38 Started transferring input files
	Transferring to host: <188.185.194.32:9618?addrs=188.185.194.32-9618+[2001-1458-303-21--100-1c]-9618&alias=b9p20p1908.cern.ch&noUDP&sock=slot1_20_2388782_c4ac_41615>
...
040 (15951787.028.000) 10/07 08:21:38 Finished transferring input files
...
001 (15951787.028.000) 10/07 08:21:39 Job executing on host: <188.185.194.32:9618?addrs=188.185.194.32-9618+[2001-1458-303-21--100-1c]-9618&alias=b9p20p1908.cern.ch&noUDP&sock=startd_6629_8566>
	SlotName: slot1_20@b9p20p1908.cern.ch
	CondorScratchDir = "/pool/condor/dir_929374"
	Cpus = 1
	Disk = 2957545
	Memory = 2000
...
006 (15951787.028.000) 10/07 08:21:48 Image size of job updated: 95308
	94  -  MemoryUsage of job (MB)
	95252  -  ResidentSetSize of job (KB)
...
006 (15951787.028.000) 10/07 08:22:00 Image size of job updated: 615648
	94  -  MemoryUsage of job (MB)
	95252  -  ResidentSetSize of job (KB)
...
040 (15951787.028.000) 10/07 08:22:00 Started transferring output files
...
040 (15951787.028.000) 10/07 08:22:00 Finished transferring output files
...
005 (15951787.028.000) 10/07 08:22:00 Job terminated.
	(1) Normal termination (return value 0)
		Usr 0 00:00:10, Sys 0 00:00:02  -  Run Remote Usage
		Usr 0 00:00:00, Sys 0 00:00:00  -  Run Local Usage
		Usr 0 00:00:10, Sys 0 00:00:02  -  Total Remote Usage
		Usr 0 00:00:00, Sys 0 00:00:00  -  Total Local Usage
	5884  -  Run Bytes Sent By Job
	778  -  Run Bytes Received By Job
	5884  -  Total Bytes Sent By Job
	778  -  Total Bytes Received By Job
	Partitionable Resources :    Usage  Request Allocated 
	   Cpus                 :        0        1         1 
	   Disk (KB)            :       28        1   2957545 
	   Memory (MB)          :       94     2000      2000 

	Job terminated of its own accord at 2024-10-07T06:22:00Z with exit-code 0.
...
