000 (15951787.027.000) 10/07 08:18:27 Job submitted from host: <188.185.72.155:9618?addrs=188.185.72.155-9618+[2001-1458-d00-8--100-95]-9618&alias=bigbird08.cern.ch&noUDP&sock=schedd_4988_ee7c>
...
040 (15951787.027.000) 10/07 08:21:40 Started transferring input files
	Transferring to host: <188.185.198.91:9618?addrs=188.185.198.91-9618+[2001-1458-303-25--100-57]-9618&alias=b9p15p2266.cern.ch&noUDP&sock=slot1_36_10481_9003_66041>
...
040 (15951787.027.000) 10/07 08:21:40 Finished transferring input files
...
001 (15951787.027.000) 10/07 08:21:41 Job executing on host: <188.185.198.91:9618?addrs=188.185.198.91-9618+[2001-1458-303-25--100-57]-9618&alias=b9p15p2266.cern.ch&noUDP&sock=startd_10054_c945>
	SlotName: slot1_36@b9p15p2266.cern.ch
	CondorScratchDir = "/pool/condor/dir_3948886"
	Cpus = 1
	Disk = 2985328
	Memory = 2000
...
006 (15951787.027.000) 10/07 08:21:49 Image size of job updated: 61268
	60  -  MemoryUsage of job (MB)
	61108  -  ResidentSetSize of job (KB)
...
006 (15951787.027.000) 10/07 08:22:00 Image size of job updated: 609596
	60  -  MemoryUsage of job (MB)
	61244  -  ResidentSetSize of job (KB)
...
040 (15951787.027.000) 10/07 08:22:00 Started transferring output files
...
040 (15951787.027.000) 10/07 08:22:00 Finished transferring output files
...
005 (15951787.027.000) 10/07 08:22:00 Job terminated.
	(1) Normal termination (return value 0)
		Usr 0 00:00:11, Sys 0 00:00:01  -  Run Remote Usage
		Usr 0 00:00:00, Sys 0 00:00:00  -  Run Local Usage
		Usr 0 00:00:11, Sys 0 00:00:01  -  Total Remote Usage
		Usr 0 00:00:00, Sys 0 00:00:00  -  Total Local Usage
	5884  -  Run Bytes Sent By Job
	778  -  Run Bytes Received By Job
	5884  -  Total Bytes Sent By Job
	778  -  Total Bytes Received By Job
	Partitionable Resources :    Usage  Request Allocated 
	   Cpus                 :        0        1         1 
	   Disk (KB)            :       28        1   2985328 
	   Memory (MB)          :       60     2000      2000 

	Job terminated of its own accord at 2024-10-07T06:22:00Z with exit-code 0.
...
