000 (15951787.004.000) 10/07 08:18:27 Job submitted from host: <188.185.72.155:9618?addrs=188.185.72.155-9618+[2001-1458-d00-8--100-95]-9618&alias=bigbird08.cern.ch&noUDP&sock=schedd_4988_ee7c>
...
040 (15951787.004.000) 10/07 08:21:31 Started transferring input files
	Transferring to host: <188.185.195.70:9618?addrs=188.185.195.70-9618+[2001-1458-303-22--100-42]-9618&alias=b9p17p2904.cern.ch&noUDP&sock=slot1_26_5596_a35d_47035>
...
040 (15951787.004.000) 10/07 08:21:31 Finished transferring input files
...
001 (15951787.004.000) 10/07 08:21:32 Job executing on host: <188.185.195.70:9618?addrs=188.185.195.70-9618+[2001-1458-303-22--100-42]-9618&alias=b9p17p2904.cern.ch&noUDP&sock=startd_4297_f68b>
	SlotName: slot1_26@b9p17p2904.cern.ch
	CondorScratchDir = "/pool/condor/dir_2289489"
	Cpus = 1
	Disk = 3008148
	Memory = 2000
...
006 (15951787.004.000) 10/07 08:21:40 Image size of job updated: 646064
	369  -  MemoryUsage of job (MB)
	376984  -  ResidentSetSize of job (KB)
...
006 (15951787.004.000) 10/07 08:21:41 Image size of job updated: 646064
	369  -  MemoryUsage of job (MB)
	377496  -  ResidentSetSize of job (KB)
...
040 (15951787.004.000) 10/07 08:21:41 Started transferring output files
...
040 (15951787.004.000) 10/07 08:21:41 Finished transferring output files
...
005 (15951787.004.000) 10/07 08:21:41 Job terminated.
	(1) Normal termination (return value 0)
		Usr 0 00:00:06, Sys 0 00:00:01  -  Run Remote Usage
		Usr 0 00:00:00, Sys 0 00:00:00  -  Run Local Usage
		Usr 0 00:00:06, Sys 0 00:00:01  -  Total Remote Usage
		Usr 0 00:00:00, Sys 0 00:00:00  -  Total Local Usage
	5884  -  Run Bytes Sent By Job
	778  -  Run Bytes Received By Job
	5884  -  Total Bytes Sent By Job
	778  -  Total Bytes Received By Job
	Partitionable Resources :    Usage  Request Allocated 
	   Cpus                 :        0        1         1 
	   Disk (KB)            :       28        1   3008148 
	   Memory (MB)          :      369     2000      2000 

	Job terminated of its own accord at 2024-10-07T06:21:41Z with exit-code 0.
...
