000 (15951787.005.000) 10/07 08:18:27 Job submitted from host: <188.185.72.155:9618?addrs=188.185.72.155-9618+[2001-1458-d00-8--100-95]-9618&alias=bigbird08.cern.ch&noUDP&sock=schedd_4988_ee7c>
...
040 (15951787.005.000) 10/07 08:21:30 Started transferring input files
	Transferring to host: <188.185.192.79:9618?addrs=188.185.192.79-9618+[2001-1458-303-1f--100-4b]-9618&alias=b9p13p7294.cern.ch&noUDP&sock=slot1_18_362568_b491_13708>
...
040 (15951787.005.000) 10/07 08:21:30 Finished transferring input files
...
001 (15951787.005.000) 10/07 08:21:31 Job executing on host: <188.185.192.79:9618?addrs=188.185.192.79-9618+[2001-1458-303-1f--100-4b]-9618&alias=b9p13p7294.cern.ch&noUDP&sock=startd_128423_1320>
	SlotName: slot1_18@b9p13p7294.cern.ch
	CondorScratchDir = "/pool/condor/dir_2304784"
	Cpus = 1
	Disk = 3016859
	Memory = 2000
...
006 (15951787.005.000) 10/07 08:21:39 Image size of job updated: 182660
	179  -  MemoryUsage of job (MB)
	182660  -  ResidentSetSize of job (KB)
...
006 (15951787.005.000) 10/07 08:21:46 Image size of job updated: 606620
	179  -  MemoryUsage of job (MB)
	183172  -  ResidentSetSize of job (KB)
...
040 (15951787.005.000) 10/07 08:21:46 Started transferring output files
...
040 (15951787.005.000) 10/07 08:21:46 Finished transferring output files
...
005 (15951787.005.000) 10/07 08:21:46 Job terminated.
	(1) Normal termination (return value 0)
		Usr 0 00:00:09, Sys 0 00:00:02  -  Run Remote Usage
		Usr 0 00:00:00, Sys 0 00:00:00  -  Run Local Usage
		Usr 0 00:00:09, Sys 0 00:00:02  -  Total Remote Usage
		Usr 0 00:00:00, Sys 0 00:00:00  -  Total Local Usage
	5884  -  Run Bytes Sent By Job
	778  -  Run Bytes Received By Job
	5884  -  Total Bytes Sent By Job
	778  -  Total Bytes Received By Job
	Partitionable Resources :    Usage  Request Allocated 
	   Cpus                 :        0        1         1 
	   Disk (KB)            :       28        1   3016859 
	   Memory (MB)          :      179     2000      2000 

	Job terminated of its own accord at 2024-10-07T06:21:46Z with exit-code 0.
...
