000 (15951787.036.000) 10/07 08:18:27 Job submitted from host: <188.185.72.155:9618?addrs=188.185.72.155-9618+[2001-1458-d00-8--100-95]-9618&alias=bigbird08.cern.ch&noUDP&sock=schedd_4988_ee7c>
...
040 (15951787.036.000) 10/07 08:21:39 Started transferring input files
	Transferring to host: <188.185.195.28:9618?addrs=188.185.195.28-9618+[2001-1458-303-22--100-18]-9618&alias=b9p17p5972.cern.ch&noUDP&sock=slot1_12_6426_72be_45632>
...
040 (15951787.036.000) 10/07 08:21:39 Finished transferring input files
...
001 (15951787.036.000) 10/07 08:21:40 Job executing on host: <188.185.195.28:9618?addrs=188.185.195.28-9618+[2001-1458-303-22--100-18]-9618&alias=b9p17p5972.cern.ch&noUDP&sock=startd_5677_873d>
	SlotName: slot1_12@b9p17p5972.cern.ch
	CondorScratchDir = "/pool/condor/dir_2888329"
	Cpus = 1
	Disk = 3043724
	Memory = 2000
...
006 (15951787.036.000) 10/07 08:21:48 Image size of job updated: 291416
	285  -  MemoryUsage of job (MB)
	291416  -  ResidentSetSize of job (KB)
...
006 (15951787.036.000) 10/07 08:21:54 Image size of job updated: 597544
	286  -  MemoryUsage of job (MB)
	291928  -  ResidentSetSize of job (KB)
...
040 (15951787.036.000) 10/07 08:21:54 Started transferring output files
...
040 (15951787.036.000) 10/07 08:21:54 Finished transferring output files
...
005 (15951787.036.000) 10/07 08:21:54 Job terminated.
	(1) Normal termination (return value 0)
		Usr 0 00:00:10, Sys 0 00:00:02  -  Run Remote Usage
		Usr 0 00:00:00, Sys 0 00:00:00  -  Run Local Usage
		Usr 0 00:00:10, Sys 0 00:00:02  -  Total Remote Usage
		Usr 0 00:00:00, Sys 0 00:00:00  -  Total Local Usage
	5884  -  Run Bytes Sent By Job
	778  -  Run Bytes Received By Job
	5884  -  Total Bytes Sent By Job
	778  -  Total Bytes Received By Job
	Partitionable Resources :    Usage  Request Allocated 
	   Cpus                 :        0        1         1 
	   Disk (KB)            :       28        1   3043724 
	   Memory (MB)          :      286     2000      2000 

	Job terminated of its own accord at 2024-10-07T06:21:54Z with exit-code 0.
...
