000 (15951787.020.000) 10/07 08:18:27 Job submitted from host: <188.185.72.155:9618?addrs=188.185.72.155-9618+[2001-1458-d00-8--100-95]-9618&alias=bigbird08.cern.ch&noUDP&sock=schedd_4988_ee7c>
...
040 (15951787.020.000) 10/07 08:21:36 Started transferring input files
	Transferring to host: <188.185.192.52:9618?addrs=188.185.192.52-9618+[2001-1458-303-1f--100-30]-9618&alias=b9p13p3561.cern.ch&noUDP&sock=slot1_43_2144738_b168_55844>
...
040 (15951787.020.000) 10/07 08:21:36 Finished transferring input files
...
001 (15951787.020.000) 10/07 08:21:37 Job executing on host: <188.185.192.52:9618?addrs=188.185.192.52-9618+[2001-1458-303-1f--100-30]-9618&alias=b9p13p3561.cern.ch&noUDP&sock=startd_128805_184d>
	SlotName: slot1_43@b9p13p3561.cern.ch
	CondorScratchDir = "/pool/condor/dir_3756822"
	Cpus = 1
	Disk = 3072665
	Memory = 2000
...
006 (15951787.020.000) 10/07 08:21:45 Image size of job updated: 1
	0  -  MemoryUsage of job (MB)
	0  -  ResidentSetSize of job (KB)
...
006 (15951787.020.000) 10/07 08:22:14 Image size of job updated: 661868
	62  -  MemoryUsage of job (MB)
	62620  -  ResidentSetSize of job (KB)
...
040 (15951787.020.000) 10/07 08:22:14 Started transferring output files
...
040 (15951787.020.000) 10/07 08:22:14 Finished transferring output files
...
005 (15951787.020.000) 10/07 08:22:14 Job terminated.
	(1) Normal termination (return value 0)
		Usr 0 00:00:08, Sys 0 00:00:01  -  Run Remote Usage
		Usr 0 00:00:00, Sys 0 00:00:00  -  Run Local Usage
		Usr 0 00:00:08, Sys 0 00:00:01  -  Total Remote Usage
		Usr 0 00:00:00, Sys 0 00:00:00  -  Total Local Usage
	5884  -  Run Bytes Sent By Job
	778  -  Run Bytes Received By Job
	5884  -  Total Bytes Sent By Job
	778  -  Total Bytes Received By Job
	Partitionable Resources :    Usage  Request Allocated 
	   Cpus                 :        0        1         1 
	   Disk (KB)            :       28        1   3072665 
	   Memory (MB)          :       62     2000      2000 

	Job terminated of its own accord at 2024-10-07T06:22:14Z with exit-code 0.
...
