000 (15951787.026.000) 10/07 08:18:27 Job submitted from host: <188.185.72.155:9618?addrs=188.185.72.155-9618+[2001-1458-d00-8--100-95]-9618&alias=bigbird08.cern.ch&noUDP&sock=schedd_4988_ee7c>
...
040 (15951787.026.000) 10/07 08:21:37 Started transferring input files
	Transferring to host: <188.185.192.117:9618?addrs=188.185.192.117-9618+[2001-1458-303-1f--100-71]-9618&alias=b9p13p7787.cern.ch&noUDP&sock=slot1_1_967758_cef3_2845>
...
040 (15951787.026.000) 10/07 08:21:37 Finished transferring input files
...
001 (15951787.026.000) 10/07 08:21:38 Job executing on host: <188.185.192.117:9618?addrs=188.185.192.117-9618+[2001-1458-303-1f--100-71]-9618&alias=b9p13p7787.cern.ch&noUDP&sock=startd_2748630_2322>
	SlotName: slot1_1@b9p13p7787.cern.ch
	CondorScratchDir = "/pool/condor/dir_3475037"
	Cpus = 1
	Disk = 3036495
	Memory = 2000
...
006 (15951787.026.000) 10/07 08:21:46 Image size of job updated: 316888
	310  -  MemoryUsage of job (MB)
	316780  -  ResidentSetSize of job (KB)
...
006 (15951787.026.000) 10/07 08:21:53 Image size of job updated: 618552
	310  -  MemoryUsage of job (MB)
	317292  -  ResidentSetSize of job (KB)
...
040 (15951787.026.000) 10/07 08:21:53 Started transferring output files
...
040 (15951787.026.000) 10/07 08:21:53 Finished transferring output files
...
005 (15951787.026.000) 10/07 08:21:53 Job terminated.
	(1) Normal termination (return value 0)
		Usr 0 00:00:11, Sys 0 00:00:01  -  Run Remote Usage
		Usr 0 00:00:00, Sys 0 00:00:00  -  Run Local Usage
		Usr 0 00:00:11, Sys 0 00:00:01  -  Total Remote Usage
		Usr 0 00:00:00, Sys 0 00:00:00  -  Total Local Usage
	5884  -  Run Bytes Sent By Job
	778  -  Run Bytes Received By Job
	5884  -  Total Bytes Sent By Job
	778  -  Total Bytes Received By Job
	Partitionable Resources :    Usage  Request Allocated 
	   Cpus                 :        0        1         1 
	   Disk (KB)            :       28        1   3036495 
	   Memory (MB)          :      310     2000      2000 

	Job terminated of its own accord at 2024-10-07T06:21:53Z with exit-code 0.
...
