000 (15951787.021.000) 10/07 08:18:27 Job submitted from host: <188.185.72.155:9618?addrs=188.185.72.155-9618+[2001-1458-d00-8--100-95]-9618&alias=bigbird08.cern.ch&noUDP&sock=schedd_4988_ee7c>
...
040 (15951787.021.000) 10/07 08:21:36 Started transferring input files
	Transferring to host: <188.185.193.174:9618?addrs=188.185.193.174-9618+[2001-1458-303-20--100-aa]-9618&alias=b9p19p8043.cern.ch&noUDP&sock=slot1_21_115010_b2fe_62954>
...
040 (15951787.021.000) 10/07 08:21:36 Finished transferring input files
...
001 (15951787.021.000) 10/07 08:21:37 Job executing on host: <188.185.193.174:9618?addrs=188.185.193.174-9618+[2001-1458-303-20--100-aa]-9618&alias=b9p19p8043.cern.ch&noUDP&sock=startd_128403_5b3b>
	SlotName: slot1_21@b9p19p8043.cern.ch
	CondorScratchDir = "/pool/condor/dir_2631459"
	Cpus = 1
	Disk = 2981874
	Memory = 2000
...
006 (15951787.021.000) 10/07 08:21:45 Image size of job updated: 301200
	295  -  MemoryUsage of job (MB)
	301200  -  ResidentSetSize of job (KB)
...
006 (15951787.021.000) 10/07 08:21:51 Image size of job updated: 659440
	295  -  MemoryUsage of job (MB)
	301604  -  ResidentSetSize of job (KB)
...
040 (15951787.021.000) 10/07 08:21:51 Started transferring output files
...
040 (15951787.021.000) 10/07 08:21:51 Finished transferring output files
...
005 (15951787.021.000) 10/07 08:21:51 Job terminated.
	(1) Normal termination (return value 0)
		Usr 0 00:00:08, Sys 0 00:00:01  -  Run Remote Usage
		Usr 0 00:00:00, Sys 0 00:00:00  -  Run Local Usage
		Usr 0 00:00:08, Sys 0 00:00:01  -  Total Remote Usage
		Usr 0 00:00:00, Sys 0 00:00:00  -  Total Local Usage
	5884  -  Run Bytes Sent By Job
	778  -  Run Bytes Received By Job
	5884  -  Total Bytes Sent By Job
	778  -  Total Bytes Received By Job
	Partitionable Resources :    Usage  Request Allocated 
	   Cpus                 :        0        1         1 
	   Disk (KB)            :       28        1   2981874 
	   Memory (MB)          :      295     2000      2000 

	Job terminated of its own accord at 2024-10-07T06:21:51Z with exit-code 0.
...
