000 (15951787.031.000) 10/07 08:18:27 Job submitted from host: <188.185.72.155:9618?addrs=188.185.72.155-9618+[2001-1458-d00-8--100-95]-9618&alias=bigbird08.cern.ch&noUDP&sock=schedd_4988_ee7c>
...
040 (15951787.031.000) 10/07 08:21:38 Started transferring input files
	Transferring to host: <128.142.248.195:9618?addrs=128.142.248.195-9618+[2001-1458-301-73--100-c2]-9618&alias=b9g23p7415.cern.ch&noUDP&sock=slot1_42_1297618_04d8_16080>
...
040 (15951787.031.000) 10/07 08:21:38 Finished transferring input files
...
001 (15951787.031.000) 10/07 08:21:39 Job executing on host: <128.142.248.195:9618?addrs=128.142.248.195-9618+[2001-1458-301-73--100-c2]-9618&alias=b9g23p7415.cern.ch&noUDP&sock=startd_6051_0fa9>
	SlotName: slot1_42@b9g23p7415.cern.ch
	CondorScratchDir = "/pool/condor/dir_3975041"
	Cpus = 1
	Disk = 2915236
	Memory = 2000
...
006 (15951787.031.000) 10/07 08:21:47 Image size of job updated: 375416
	367  -  MemoryUsage of job (MB)
	375416  -  ResidentSetSize of job (KB)
...
006 (15951787.031.000) 10/07 08:21:52 Image size of job updated: 563728
	368  -  MemoryUsage of job (MB)
	375928  -  ResidentSetSize of job (KB)
...
040 (15951787.031.000) 10/07 08:21:52 Started transferring output files
...
040 (15951787.031.000) 10/07 08:21:52 Finished transferring output files
...
005 (15951787.031.000) 10/07 08:21:52 Job terminated.
	(1) Normal termination (return value 0)
		Usr 0 00:00:09, Sys 0 00:00:01  -  Run Remote Usage
		Usr 0 00:00:00, Sys 0 00:00:00  -  Run Local Usage
		Usr 0 00:00:09, Sys 0 00:00:01  -  Total Remote Usage
		Usr 0 00:00:00, Sys 0 00:00:00  -  Total Local Usage
	5884  -  Run Bytes Sent By Job
	778  -  Run Bytes Received By Job
	5884  -  Total Bytes Sent By Job
	778  -  Total Bytes Received By Job
	Partitionable Resources :    Usage  Request Allocated 
	   Cpus                 :        0        1         1 
	   Disk (KB)            :       28        1   2915236 
	   Memory (MB)          :      368     2000      2000 

	Job terminated of its own accord at 2024-10-07T06:21:52Z with exit-code 0.
...
