000 (15951787.025.000) 10/07 08:18:27 Job submitted from host: <188.185.72.155:9618?addrs=188.185.72.155-9618+[2001-1458-d00-8--100-95]-9618&alias=bigbird08.cern.ch&noUDP&sock=schedd_4988_ee7c>
...
040 (15951787.025.000) 10/07 08:21:37 Started transferring input files
	Transferring to host: <128.142.248.169:9618?addrs=128.142.248.169-9618+[2001-1458-301-73--100-a8]-9618&alias=b9g23p4763.cern.ch&noUDP&sock=slot1_49_6711_41aa_50496>
...
040 (15951787.025.000) 10/07 08:21:37 Finished transferring input files
...
001 (15951787.025.000) 10/07 08:21:38 Job executing on host: <128.142.248.169:9618?addrs=128.142.248.169-9618+[2001-1458-301-73--100-a8]-9618&alias=b9g23p4763.cern.ch&noUDP&sock=startd_5933_1f7c>
	SlotName: slot1_49@b9g23p4763.cern.ch
	CondorScratchDir = "/pool/condor/dir_3938070"
	Cpus = 1
	Disk = 2895895
	Memory = 2000
...
006 (15951787.025.000) 10/07 08:21:46 Image size of job updated: 159384
	156  -  MemoryUsage of job (MB)
	159384  -  ResidentSetSize of job (KB)
...
006 (15951787.025.000) 10/07 08:21:53 Image size of job updated: 643444
	157  -  MemoryUsage of job (MB)
	160152  -  ResidentSetSize of job (KB)
...
040 (15951787.025.000) 10/07 08:21:53 Started transferring output files
...
040 (15951787.025.000) 10/07 08:21:53 Finished transferring output files
...
005 (15951787.025.000) 10/07 08:21:53 Job terminated.
	(1) Normal termination (return value 0)
		Usr 0 00:00:10, Sys 0 00:00:01  -  Run Remote Usage
		Usr 0 00:00:00, Sys 0 00:00:00  -  Run Local Usage
		Usr 0 00:00:10, Sys 0 00:00:01  -  Total Remote Usage
		Usr 0 00:00:00, Sys 0 00:00:00  -  Total Local Usage
	5884  -  Run Bytes Sent By Job
	778  -  Run Bytes Received By Job
	5884  -  Total Bytes Sent By Job
	778  -  Total Bytes Received By Job
	Partitionable Resources :    Usage  Request Allocated 
	   Cpus                 :        0        1         1 
	   Disk (KB)            :       28        1   2895895 
	   Memory (MB)          :      157     2000      2000 

	Job terminated of its own accord at 2024-10-07T06:21:53Z with exit-code 0.
...
