000 (15951787.009.000) 10/07 08:18:27 Job submitted from host: <188.185.72.155:9618?addrs=188.185.72.155-9618+[2001-1458-d00-8--100-95]-9618&alias=bigbird08.cern.ch&noUDP&sock=schedd_4988_ee7c>
...
040 (15951787.009.000) 10/07 08:21:31 Started transferring input files
	Transferring to host: <188.185.195.116:9618?addrs=188.185.195.116-9618+[2001-1458-303-22--100-70]-9618&alias=b9p17p7861.cern.ch&noUDP&sock=slot1_31_2162102_33aa_3978>
...
040 (15951787.009.000) 10/07 08:21:31 Finished transferring input files
...
001 (15951787.009.000) 10/07 08:21:32 Job executing on host: <188.185.195.116:9618?addrs=188.185.195.116-9618+[2001-1458-303-22--100-70]-9618&alias=b9p17p7861.cern.ch&noUDP&sock=startd_128017_97ac>
	SlotName: slot1_31@b9p17p7861.cern.ch
	CondorScratchDir = "/pool/condor/dir_403269"
	Cpus = 1
	Disk = 2906500
	Memory = 2000
...
006 (15951787.009.000) 10/07 08:21:40 Image size of job updated: 171604
	168  -  MemoryUsage of job (MB)
	171604  -  ResidentSetSize of job (KB)
...
006 (15951787.009.000) 10/07 08:21:46 Image size of job updated: 569004
	169  -  MemoryUsage of job (MB)
	172116  -  ResidentSetSize of job (KB)
...
040 (15951787.009.000) 10/07 08:21:46 Started transferring output files
...
040 (15951787.009.000) 10/07 08:21:46 Finished transferring output files
...
005 (15951787.009.000) 10/07 08:21:46 Job terminated.
	(1) Normal termination (return value 0)
		Usr 0 00:00:09, Sys 0 00:00:01  -  Run Remote Usage
		Usr 0 00:00:00, Sys 0 00:00:00  -  Run Local Usage
		Usr 0 00:00:09, Sys 0 00:00:01  -  Total Remote Usage
		Usr 0 00:00:00, Sys 0 00:00:00  -  Total Local Usage
	5884  -  Run Bytes Sent By Job
	778  -  Run Bytes Received By Job
	5884  -  Total Bytes Sent By Job
	778  -  Total Bytes Received By Job
	Partitionable Resources :    Usage  Request Allocated 
	   Cpus                 :        0        1         1 
	   Disk (KB)            :       28        1   2906500 
	   Memory (MB)          :      169     2000      2000 

	Job terminated of its own accord at 2024-10-07T06:21:46Z with exit-code 0.
...
