000 (15951787.012.000) 10/07 08:18:27 Job submitted from host: <188.185.72.155:9618?addrs=188.185.72.155-9618+[2001-1458-d00-8--100-95]-9618&alias=bigbird08.cern.ch&noUDP&sock=schedd_4988_ee7c>
...
040 (15951787.012.000) 10/07 08:21:32 Started transferring input files
	Transferring to host: <188.185.194.82:9618?addrs=188.185.194.82-9618+[2001-1458-303-21--100-4e]-9618&alias=b9p20p2920.cern.ch&noUDP&sock=slot1_17_6699_cd29_48443>
...
040 (15951787.012.000) 10/07 08:21:32 Finished transferring input files
...
001 (15951787.012.000) 10/07 08:21:33 Job executing on host: <188.185.194.82:9618?addrs=188.185.194.82-9618+[2001-1458-303-21--100-4e]-9618&alias=b9p20p2920.cern.ch&noUDP&sock=startd_5829_c9a2>
	SlotName: slot1_17@b9p20p2920.cern.ch
	CondorScratchDir = "/pool/condor/dir_2563830"
	Cpus = 1
	Disk = 3012775
	Memory = 2000
...
006 (15951787.012.000) 10/07 08:21:41 Image size of job updated: 267832
	262  -  MemoryUsage of job (MB)
	267832  -  ResidentSetSize of job (KB)
...
006 (15951787.012.000) 10/07 08:21:47 Image size of job updated: 617152
	262  -  MemoryUsage of job (MB)
	268028  -  ResidentSetSize of job (KB)
...
040 (15951787.012.000) 10/07 08:21:47 Started transferring output files
...
040 (15951787.012.000) 10/07 08:21:47 Finished transferring output files
...
005 (15951787.012.000) 10/07 08:21:47 Job terminated.
	(1) Normal termination (return value 0)
		Usr 0 00:00:09, Sys 0 00:00:01  -  Run Remote Usage
		Usr 0 00:00:00, Sys 0 00:00:00  -  Run Local Usage
		Usr 0 00:00:09, Sys 0 00:00:01  -  Total Remote Usage
		Usr 0 00:00:00, Sys 0 00:00:00  -  Total Local Usage
	5884  -  Run Bytes Sent By Job
	778  -  Run Bytes Received By Job
	5884  -  Total Bytes Sent By Job
	778  -  Total Bytes Received By Job
	Partitionable Resources :    Usage  Request Allocated 
	   Cpus                 :        0        1         1 
	   Disk (KB)            :       28        1   3012775 
	   Memory (MB)          :      262     2000      2000 

	Job terminated of its own accord at 2024-10-07T06:21:47Z with exit-code 0.
...
